do run
loading script "felix_analysis400_120.py"
loading script "felix_pump_ms.py"
loading script "felix_air_x2.py"
loading script "felix_pump_extraction_line.py"
testing...
no interpolation path defined
executed 624.242112
script duration name:analysis400_120 seconds:624.0
loading script "felix_analysis400_120.py"
loading script "felix_pump_ms.py"
loading script "felix_air_x2.py"
loading script "felix_pump_extraction_line.py"
testing...
no interpolation path defined
executed 0
loading script "felix_analysis400_120.py"
loading script "felix_pump_ms.py"
loading script "felix_air_x2.py"
loading script "felix_pump_extraction_line.py"
testing...
no interpolation path defined
calculate duration
testing...
no interpolation path defined
executed 0
calculate duration
testing...
no interpolation path defined
executed 0
calculate duration
testing...
no interpolation path defined
executed 32.0
calculate duration
testing...
no interpolation path defined
executed 34.0
calculate duration
testing...
no interpolation path defined
executed 2.0
calculate duration
testing...
no interpolation path defined
executed 34.0
calculate duration
testing...
no interpolation path defined
executed 34.0
calculate duration
testing...
no interpolation path defined
executed 34.0
executed 174.0
script duration name:air_x2 seconds:174.0
loading script "felix_analysis400_120.py"
loading script "felix_pump_ms.py"
loading script "felix_air_x2.py"
loading script "felix_pump_extraction_line.py"
testing...
no interpolation path defined
calculate duration
testing...
no interpolation path defined
executed 4.0
executed 4.0
Script duration 798.0
Run total estimated duration= 799.000
run duration: 0:13:19
doing event level: 2
10:28:44 -- Setting default integration. t=1.048576
setting integration time = 1.048576
no handle    SetIntegrationTime 1.048576
----------------- start -----------------
**************** Experiment Type: Ar/Ar, Ar/Ar
close session 4701084560
$$$$$ Clearing conditionals
adding conditionals 
Add queue conditionals
add default conditionals
adding default conditionals from /Users/obama/PychronDev/setupfiles/spectrometer/default_conditionals.yaml
Start automated run ba-01-F-537
loading script "felix_analysis400_120.py"
loading script "felix_pump_ms.py"
loading script "felix_air_x2.py"
loading script "felix_pump_extraction_line.py"
%%%%%%%%%%%%%%%%%% setting automated run ba-01-F-537
No value "sensitivity_multiplier" in metadata
$$$$$$$$$$$$$$$ auto_save_detector_ic=False
============================= Pre Extraction Check =============================
loading queue conditionals pre_run_terminations
loading system conditionals pre_run_terminations
loading conditionals from /Users/obama/PychronDev/setupfiles/spectrometer/default_conditionals.yaml
10:28:45 -- ******* Pre Extraction Check *******
Get a measurement from the spectrometer
Pre Extraction Termination data. keys=, signals=
10:28:45 -- testing system defined conditionals
Checking default pre extraction terminations n=2
testing L2_CDD_
evaluate ot="L2(CDD).inactive" t="L2_CDD_", ctx="{'L2_CDD_': True}"
condition L2_CDD_ is true trips=1/1
!!!!!!!!!! Conditional Tripped !!!!!!!!!!
Pre Extraction Termination. L2(CDD).inactive condition L2_CDD_ is True
_cancel
Queue cancel. stop timer
Stop timer. self._timer: <pychron.core.helpers.timer.Timer object at 0x142722b90>
Estimated total time= 7646.0, elapsed time= 6.0, deviation= 7640.0
set extraction state False (0.75, 'green', 1.5)
wait dialog stopped
Cancel run state=None do_post_equilibration=True
%%%%%%%%%%%%%%%%%%%%%%%%%%%%%%%%%%% disable
no application available. self.manager = None
no interpolation path defined
no application available. self.manager = None
no application available. self.manager = None
Post Termination Started
10:28:45 -- ******* Post Termination Started *******
Post Equilibration Started felix_pump_extraction_line.py
Post Measurement Started felix_pump_ms.py
10:28:45 -- ******* Post Equilibration Started felix_pump_extraction_line.py *******
10:28:45 -- ******* Post Measurement Started felix_pump_ms.py *******
testing...
no interpolation path defined
testing...
no interpolation path defined
calculate duration
executed 0
testing...
Pumping spectrometer
no interpolation path defined
executed 4.0
open () {'name': 'V'}
executed 4.0
opening name=V desc=---
Pump after analysis
doing GOSUB
checking ownership. requestor=129.138.12.137
check software interlocks V
testing...
interlocks []
no interpolation path defined
actuate state mode=None-script, software_lock=False
executed 4.0
doing actuation None-script open_channel False
Pump Bone
close () {'description': 'Felix Inlet'}
closing name=--- desc=Felix Inlet
checking ownership. requestor=129.138.12.137
check software interlocks H
interlocks []
actuate state mode=None-script, software_lock=False
doing actuation None-script close_channel False
Open V ===>> OK
Close H ===>> OK
GetIndicatorState V ===>> OK
change switch state (True, True)
update switch state V True args=() kw={} ncanvase=4
10:28:45 -- OPEN   VALVE-V (Felix Ion Pump)
---------------------------------------- open V () result=[(True, True)], time=0.21 sec
GetIndicatorState H ===>> False
change switch state (True, True)
update switch state H False args=() kw={} ncanvase=4
10:28:45 -- CLOSE  VALVE-H (Felix Inlet)
---------------------------------------- close None (Felix Inlet) result=[(True, True)]
action=open, ok=True, locked=[False]
executed 0
felix_pump_ms.py completed successfully
setting _ms_pumptime
Post Measurement Finished
10:28:45 -- ******* Post Measurement Finished *******
----------------- stop -----------------
Post Termination Finished
10:28:45 -- ******* Post Termination Finished *******
----------------- finish -----------------
----------------- stop -----------------
10:28:45 -- ******* Pre Extraction Check Failed *******
extraction did not complete successfully
state changed from not run to failed
10:28:45 -- Automated run ba-01-F-537 failed duration: 0.679 s
----------------- finish -----------------
----------------- stop -----------------
finish run. runs completed=1
write rem/ex queues
/Users/obama/PychronDev/experiments/rem/FurnaceKSpar12_23_16.rem.txt
/Users/obama/PychronDev/experiments/rem/FurnaceKSpar12_23_16.ex.txt
doing event level: 3
