do run
loading script "felix_analysis400_120.py"
loading script "felix_pump_ms.py"
loading script "felix_air_x2.py"
loading script "felix_pump_extraction_line.py"
testing...
no interpolation path defined
executed snippet estimated_duration=624.242112, duration=0.0002601146698
script duration name:analysis400_120 seconds:624.0
loading script "felix_analysis400_120.py"
loading script "felix_pump_ms.py"
loading script "felix_air_x2.py"
loading script "felix_pump_extraction_line.py"
testing...
no interpolation path defined
executed snippet estimated_duration=0, duration=2.50339508057e-05
loading script "felix_analysis400_120.py"
loading script "felix_pump_ms.py"
loading script "felix_air_x2.py"
loading script "felix_pump_extraction_line.py"
testing...
no interpolation path defined
calculate duration
testing...
no interpolation path defined
executed snippet estimated_duration=0, duration=6.19888305664e-05
calculate duration
testing...
no interpolation path defined
executed snippet estimated_duration=0, duration=0.000164985656738
calculate duration
testing...
no interpolation path defined
executed snippet estimated_duration=32.0, duration=0.000108957290649
calculate duration
testing...
no interpolation path defined
executed snippet estimated_duration=34.0, duration=0.000132083892822
calculate duration
testing...
no interpolation path defined
executed snippet estimated_duration=2.0, duration=8.39233398438e-05
calculate duration
testing...
no interpolation path defined
executed snippet estimated_duration=34.0, duration=9.29832458496e-05
calculate duration
testing...
no interpolation path defined
executed snippet estimated_duration=34.0, duration=0.000128030776978
calculate duration
testing...
no interpolation path defined
executed snippet estimated_duration=34.0, duration=8.89301300049e-05
executed snippet estimated_duration=174.0, duration=0.00945901870728
script duration name:air_x2 seconds:174.0
loading script "felix_analysis400_120.py"
loading script "felix_pump_ms.py"
loading script "felix_air_x2.py"
loading script "felix_pump_extraction_line.py"
testing...
no interpolation path defined
calculate duration
testing...
no interpolation path defined
executed snippet estimated_duration=4.0, duration=0.000202894210815
executed snippet estimated_duration=4.0, duration=0.00137090682983
Script duration 798.0
Run total estimated duration= 799.000
run duration: 0:13:19
doing event level: 2
12:17:15 -- Setting default integration. t=1.048576
setting integration time = 1.048576
SetIntegrationTime 1.048576 ===>> OK
----------------- start -----------------
**************** Experiment Type: Ar/Ar, Ar/Ar
close session 4700149424
$$$$$ Clearing conditionals
adding conditionals 
Add queue conditionals
add default conditionals
adding default conditionals from /Users/obama/PychronDev/setupfiles/spectrometer/default_conditionals.yaml
Start automated run ba-01-F-672
loading script "felix_analysis400_120.py"
loading script "felix_pump_ms.py"
loading script "felix_air_x2.py"
loading script "felix_pump_extraction_line.py"
%%%%%%%%%%%%%%%%%% setting automated run ba-01-F-672
No value "sensitivity_multiplier" in metadata
$$$$$$$$$$$$$$$ auto_save_detector_ic=False
============================= Pre Extraction Check =============================
loading queue conditionals pre_run_terminations
loading system conditionals pre_run_terminations
loading conditionals from /Users/obama/PychronDev/setupfiles/spectrometer/default_conditionals.yaml
12:17:15 -- ******* Pre Extraction Check *******
Get a measurement from the spectrometer
GetData ===>> H2,0.12042651781991,H1,-0.0293865358367781,AX,-0.12357125287725,L1,-0.191081648580644,L2,-0.35723...
Pre Extraction Termination data. keys=H2,H1,AX,L1,L2, signals=0.12043,-0.02939,-0.12357,-0.19108,-0.35723
12:17:15 -- testing system defined conditionals
Checking default pre extraction terminations n=2
testing L2_CDD_
evaluate ot="L2(CDD).inactive" t="L2_CDD_", ctx="{'L2_CDD_': True}"
condition L2_CDD_ is true trips=1/1
!!!!!!!!!! Conditional Tripped !!!!!!!!!!
Pre Extraction Termination. L2(CDD).inactive condition L2_CDD_ is True
_cancel
Queue cancel. stop timer
Stop timer. self._timer: <pychron.core.helpers.timer.Timer object at 0x16cdb25f0>
Estimated total time= 30660.0, elapsed time= 6.0, deviation= 30654.0
set extraction state False (0.75, 'green', 1.5)
wait dialog stopped
Cancel run state=None do_post_equilibration=True
%%%%%%%%%%%%%%%%%%%%%%%%%%%%%%%%%%% disable
no application available. self.manager = None
no interpolation path defined
no application available. self.manager = None
no application available. self.manager = None
Post Termination Started
12:17:15 -- ******* Post Termination Started *******
Post Equilibration Started felix_pump_extraction_line.py
Post Measurement Started felix_pump_ms.py
12:17:15 -- ******* Post Equilibration Started felix_pump_extraction_line.py *******
12:17:15 -- ******* Post Measurement Started felix_pump_ms.py *******
testing...
testing...
no interpolation path defined
no interpolation path defined
executed snippet estimated_duration=0, duration=4.79221343994e-05
Pumping spectrometer
calculate duration
testing...
open () {'name': 'V'}
no interpolation path defined
opening name=V desc=---
executed snippet estimated_duration=4.0, duration=0.000290870666504
executed snippet estimated_duration=4.0, duration=0.00436806678772
Pump after analysis
checking ownership. requestor=129.138.12.137
check software interlocks V
doing GOSUB
interlocks []
actuate state mode=None-script, software_lock=False
testing...
doing actuation None-script open_channel False
no interpolation path defined
executed snippet estimated_duration=4.0, duration=0.000284194946289
Pump Bone
close () {'description': 'Felix Inlet'}
closing name=--- desc=Felix Inlet
checking ownership. requestor=129.138.12.137
check software interlocks H
interlocks []
actuate state mode=None-script, software_lock=False
doing actuation None-script close_channel False
Open V ===>> OK
Close H ===>> OK
GetIndicatorState V ===>> OK
change switch state (True, True)
update switch state V True args=() kw={} ncanvase=3
12:17:15 -- OPEN   VALVE-V (Felix Ion Pump)
---------------------------------------- open V () result=[(True, True)], time=0.17 sec
GetIndicatorState H ===>> False
change switch state (True, True)
update switch state H False args=() kw={} ncanvase=3
12:17:15 -- CLOSE  VALVE-H (Felix Inlet)
---------------------------------------- close None (Felix Inlet) result=[(True, True)]
action=open, ok=True, locked=[False]
executed snippet estimated_duration=0, duration=0.431453943253
felix_pump_ms.py completed successfully
setting _ms_pumptime
Post Measurement Finished
12:17:15 -- ******* Post Measurement Finished *******
----------------- stop -----------------
Post Termination Finished
12:17:15 -- ******* Post Termination Finished *******
----------------- finish -----------------
----------------- stop -----------------
12:17:15 -- ******* Pre Extraction Check Failed *******
extraction did not complete successfully
state changed from not run to failed
12:17:15 -- Automated run ba-01-F-672 failed duration: 0.702 s
----------------- finish -----------------
----------------- stop -----------------
finish run. runs completed=1
write rem/ex queues
/Users/obama/PychronDev/experiments/rem/LoadFurnace.rem.txt
/Users/obama/PychronDev/experiments/rem/LoadFurnace.ex.txt
doing event level: 3
