do run
loading script "felix_analysis400_120.py"
loading script "felix_pump_ms.py"
loading script "felix_air_x2.py"
loading script "felix_pump_extraction_line.py"
testing...
no interpolation path defined
executed snippet estimated_duration=624.242112, duration=0.00028395652771
script duration name:analysis400_120 seconds:624.0
loading script "felix_analysis400_120.py"
loading script "felix_pump_ms.py"
loading script "felix_air_x2.py"
loading script "felix_pump_extraction_line.py"
testing...
no interpolation path defined
executed snippet estimated_duration=0, duration=2.40802764893e-05
loading script "felix_analysis400_120.py"
loading script "felix_pump_ms.py"
loading script "felix_air_x2.py"
loading script "felix_pump_extraction_line.py"
testing...
no interpolation path defined
calculate duration
testing...
no interpolation path defined
executed snippet estimated_duration=0, duration=5.91278076172e-05
calculate duration
testing...
no interpolation path defined
executed snippet estimated_duration=0, duration=0.000138998031616
calculate duration
testing...
no interpolation path defined
executed snippet estimated_duration=32.0, duration=0.000104904174805
calculate duration
testing...
no interpolation path defined
executed snippet estimated_duration=34.0, duration=0.000126123428345
calculate duration
testing...
no interpolation path defined
executed snippet estimated_duration=2.0, duration=7.82012939453e-05
calculate duration
testing...
no interpolation path defined
executed snippet estimated_duration=34.0, duration=0.000108003616333
calculate duration
testing...
no interpolation path defined
executed snippet estimated_duration=34.0, duration=0.000126838684082
calculate duration
testing...
no interpolation path defined
executed snippet estimated_duration=34.0, duration=9.20295715332e-05
executed snippet estimated_duration=174.0, duration=0.00946593284607
script duration name:air_x2 seconds:174.0
loading script "felix_analysis400_120.py"
loading script "felix_pump_ms.py"
loading script "felix_air_x2.py"
loading script "felix_pump_extraction_line.py"
testing...
no interpolation path defined
calculate duration
testing...
no interpolation path defined
executed snippet estimated_duration=4.0, duration=0.000198125839233
executed snippet estimated_duration=4.0, duration=0.00130200386047
Script duration 798.0
Run total estimated duration= 799.000
run duration: 0:13:19
doing event level: 2
09:06:36 -- Setting default integration. t=1.048576
setting integration time = 1.048576
SetIntegrationTime 1.048576 ===>> OK
----------------- start -----------------
**************** Experiment Type: Ar/Ar, Ar/Ar
close session 4701730480
$$$$$ Clearing conditionals
adding conditionals 
Add queue conditionals
add default conditionals
adding default conditionals from /Users/obama/PychronDev/setupfiles/spectrometer/default_conditionals.yaml
Start automated run a-01-F-1735
loading script "felix_analysis400_120.py"
loading script "felix_pump_ms.py"
loading script "felix_air_x2.py"
loading script "felix_pump_extraction_line.py"
%%%%%%%%%%%%%%%%%% setting automated run a-01-F-1735
No value "sensitivity_multiplier" in metadata
$$$$$$$$$$$$$$$ auto_save_detector_ic=False
============================= Pre Extraction Check =============================
loading queue conditionals pre_run_terminations
loading system conditionals pre_run_terminations
loading conditionals from /Users/obama/PychronDev/setupfiles/spectrometer/default_conditionals.yaml
09:06:36 -- ******* Pre Extraction Check *******
Get a measurement from the spectrometer
GetData ===>> H2,0.17006008720203,H1,-0.213638126195541,AX,-0.0743669064275801,L1,-0.373819363396494,L2,-0.0985...
Pre Extraction Termination data. keys=H2,H1,AX,L1,L2, signals=0.17006,-0.21364,-0.07437,-0.37382,-0.09857
09:06:36 -- testing system defined conditionals
Checking default pre extraction terminations n=2
testing L2_CDD_
evaluate ot="L2(CDD).inactive" t="L2_CDD_", ctx="{'L2_CDD_': True}"
condition L2_CDD_ is true trips=1/1
!!!!!!!!!! Conditional Tripped !!!!!!!!!!
Pre Extraction Termination. L2(CDD).inactive condition L2_CDD_ is True
_cancel
Queue cancel. stop timer
Stop timer. self._timer: <pychron.core.helpers.timer.Timer object at 0x11faec4d0>
Estimated total time= 22679.0, elapsed time= 6.0, deviation= 22673.0
set extraction state False (0.75, 'green', 1.5)
wait dialog stopped
Cancel run state=None do_post_equilibration=True
%%%%%%%%%%%%%%%%%%%%%%%%%%%%%%%%%%% disable
no application available. self.manager = None
no interpolation path defined
no application available. self.manager = None
no application available. self.manager = None
Post Termination Started
09:06:36 -- ******* Post Termination Started *******
Post Equilibration Started felix_pump_extraction_line.py
Post Measurement Started felix_pump_ms.py
09:06:36 -- ******* Post Equilibration Started felix_pump_extraction_line.py *******
09:06:36 -- ******* Post Measurement Started felix_pump_ms.py *******
testing...
testing...
no interpolation path defined
no interpolation path defined
executed snippet estimated_duration=0, duration=4.29153442383e-05
calculate duration
Pumping spectrometer
testing...
open () {'name': 'V'}
no interpolation path defined
opening name=V desc=---
executed snippet estimated_duration=4.0, duration=0.000546216964722
executed snippet estimated_duration=4.0, duration=0.00479578971863
Pump after analysis
checking ownership. requestor=129.138.12.137
check software interlocks V
interlocks []
doing GOSUB
actuate state mode=None-script, software_lock=False
doing actuation None-script open_channel False
testing...
no interpolation path defined
executed snippet estimated_duration=4.0, duration=0.000278949737549
Pump Bone
close () {'description': 'Felix Inlet'}
closing name=--- desc=Felix Inlet
checking ownership. requestor=129.138.12.137
check software interlocks H
interlocks []
actuate state mode=None-script, software_lock=False
doing actuation None-script close_channel False
Open V ===>> OK
Close H ===>> OK
GetIndicatorState V ===>> OK
change switch state (True, True)
update switch state V True args=() kw={} ncanvase=2
09:06:37 -- OPEN   VALVE-V (Felix Ion Pump)
---------------------------------------- open V () result=[(True, True)], time=0.19 sec
GetIndicatorState H ===>> False
change switch state (True, True)
update switch state H False args=() kw={} ncanvase=2
09:06:37 -- CLOSE  VALVE-H (Felix Inlet)
---------------------------------------- close None (Felix Inlet) result=[(True, True)]
action=open, ok=True, locked=[False]
executed snippet estimated_duration=0, duration=0.443756103516
felix_pump_ms.py completed successfully
setting _ms_pumptime
Post Measurement Finished
09:06:37 -- ******* Post Measurement Finished *******
----------------- stop -----------------
Post Termination Finished
09:06:37 -- ******* Post Termination Finished *******
----------------- finish -----------------
----------------- stop -----------------
09:06:37 -- ******* Pre Extraction Check Failed *******
extraction did not complete successfully
state changed from not run to failed
09:06:37 -- Automated run a-01-F-1735 failed duration: 0.641 s
----------------- finish -----------------
----------------- stop -----------------
finish run. runs completed=1
write rem/ex queues
/Users/obama/PychronDev/experiments/rem/LoadFurnace.rem.txt
/Users/obama/PychronDev/experiments/rem/LoadFurnace.ex.txt
doing event level: 3
