do run
loading script "felix_analysis400_120.py"
loading script "felix_pump_ms.py"
loading script "felix_air_x2.py"
loading script "felix_pump_extraction_line.py"
testing...
no interpolation path defined
executed snippet estimated_duration=624.242112, duration=0.000383853912354
script duration name:analysis400_120 seconds:624.0
loading script "felix_analysis400_120.py"
loading script "felix_pump_ms.py"
loading script "felix_air_x2.py"
loading script "felix_pump_extraction_line.py"
testing...
no interpolation path defined
executed snippet estimated_duration=0, duration=3.19480895996e-05
loading script "felix_analysis400_120.py"
loading script "felix_pump_ms.py"
loading script "felix_air_x2.py"
loading script "felix_pump_extraction_line.py"
testing...
no interpolation path defined
calculate duration
testing...
no interpolation path defined
executed snippet estimated_duration=0, duration=6.19888305664e-05
calculate duration
testing...
no interpolation path defined
executed snippet estimated_duration=0, duration=0.00014591217041
calculate duration
testing...
no interpolation path defined
executed snippet estimated_duration=32.0, duration=0.000127077102661
calculate duration
testing...
no interpolation path defined
executed snippet estimated_duration=34.0, duration=0.000135898590088
calculate duration
testing...
no interpolation path defined
executed snippet estimated_duration=2.0, duration=8.20159912109e-05
calculate duration
testing...
no interpolation path defined
executed snippet estimated_duration=34.0, duration=9.20295715332e-05
calculate duration
testing...
no interpolation path defined
executed snippet estimated_duration=34.0, duration=0.000125885009766
calculate duration
testing...
no interpolation path defined
executed snippet estimated_duration=34.0, duration=8.70227813721e-05
executed snippet estimated_duration=174.0, duration=0.0096161365509
script duration name:air_x2 seconds:174.0
loading script "felix_analysis400_120.py"
loading script "felix_pump_ms.py"
loading script "felix_air_x2.py"
loading script "felix_pump_extraction_line.py"
testing...
no interpolation path defined
calculate duration
testing...
no interpolation path defined
executed snippet estimated_duration=4.0, duration=0.000202178955078
executed snippet estimated_duration=4.0, duration=0.00135016441345
Script duration 798.0
Run total estimated duration= 799.000
run duration: 0:13:19
doing event level: 2
14:30:05 -- Setting default integration. t=1.048576
setting integration time = 1.048576
SetIntegrationTime 1.048576 ===>> OK
----------------- start -----------------
**************** Experiment Type: Ar/Ar, Ar/Ar
create new session 4693116592
close session 4693116592
$$$$$ Clearing conditionals
adding conditionals 
Add queue conditionals
add default conditionals
adding default conditionals from /Users/obama/PychronDev/setupfiles/spectrometer/default_conditionals.yaml
Start automated run a-01-F-1706
loading script "felix_analysis400_120.py"
loading script "felix_pump_ms.py"
loading script "felix_air_x2.py"
loading script "felix_pump_extraction_line.py"
%%%%%%%%%%%%%%%%%% setting automated run a-01-F-1706
No value "sensitivity_multiplier" in metadata
$$$$$$$$$$$$$$$ auto_save_detector_ic=False
============================= Pre Extraction Check =============================
loading queue conditionals pre_run_terminations
loading system conditionals pre_run_terminations
loading conditionals from /Users/obama/PychronDev/setupfiles/spectrometer/default_conditionals.yaml
14:30:05 -- ******* Pre Extraction Check *******
Get a measurement from the spectrometer
GetData ===>> L2(CDD),0,H2,-0.0661512473656436,H1,0.0778031459128633,AX,-0.0543244105588849,L1,-0.5581387076211...
Pre Extraction Termination data. keys=L2(CDD),H2,H1,AX,L1,L2, signals=0.00000,-0.06615,0.07780,-0.05432,-0.55814,-0.11202
14:30:05 -- testing system defined conditionals
Checking default pre extraction terminations n=2
testing L2_CDD_
evaluate ot="L2(CDD).inactive" t="L2_CDD_", ctx="{'L2_CDD_': False}"
GetDeflection L2 (CDD) ===>> 0
testing L2_CDD_==3250
evaluate ot="L2(CDD).deflection==3250" t="L2_CDD_==3250", ctx="{'L2_CDD_': 0.0}"
14:30:05 -- ******* Pre Extraction Check Passed *******
=================================================================================
14:30:05 -- stopping status monitor
stop 4764276112
Status monitor stopped
Status monitor finished
14:30:07 -- starting status monitor
start 4764276112
StatusMonitor period=1. Frequencies(state=1, checksum=3, lock=5, owner=5)
start extraction
do extraction
Analysis started at 14:30:08.704706
Extraction Started felix_air_x2.py
14:30:08 -- ******* Extraction Started felix_air_x2.py *******
state changed from not run to extraction
DO EXTRACTION <pychron.extraction_line.pyscript_runner.RemotePyScriptRunner object at 0x11a2990b0>
testing...
no interpolation path defined
calculate duration
testing...
no interpolation path defined
executed snippet estimated_duration=0, duration=8.60691070557e-05
calculate duration
testing...
no interpolation path defined
executed snippet estimated_duration=0, duration=0.00019907951355
calculate duration
testing...
no interpolation path defined
executed snippet estimated_duration=32.0, duration=0.000109195709229
calculate duration
testing...
no interpolation path defined
executed snippet estimated_duration=34.0, duration=0.000127077102661
calculate duration
testing...
no interpolation path defined
executed snippet estimated_duration=2.0, duration=7.89165496826e-05
calculate duration
testing...
no interpolation path defined
executed snippet estimated_duration=34.0, duration=9.10758972168e-05
calculate duration
testing...
no interpolation path defined
executed snippet estimated_duration=34.0, duration=0.000127077102661
calculate duration
testing...
no interpolation path defined
executed snippet estimated_duration=34.0, duration=8.79764556885e-05
executed snippet estimated_duration=174.0, duration=0.0112941265106
Air Pipette x2
doing GOSUB
testing...
no interpolation path defined
executed snippet estimated_duration=0, duration=6.38961791992e-05
Waiting for minibone access
wait ('JanMiniboneFlag', 0) {}
waiting for JanMiniboneFlag = 0
Read JanMiniboneFlag ===>> 0
finished waiting
Minibone released
wait ('MinibonePumpTimeFlag', 0) {}
waiting for MinibonePumpTimeFlag = 0
Read MinibonePumpTimeFlag ===>> 0
finished waiting
acquire ('FelixMiniboneFlag',) {'clear': True}
acquire FelixMiniboneFlag
Set FelixMiniboneFlag 1 ===>> OK
FelixMiniboneFlag acquired
set extraction state False (0.75, 'red', 1.5)
minibone acquired
executed snippet estimated_duration=0, duration=0.0214569568634
WaitForMiniboneAccess.py completed successfully
gosub finished
doing GOSUB
testing...
no interpolation path defined
executed snippet estimated_duration=0, duration=0.000169992446899
Prepare for Air Shot
close () {'description': 'Felix Inlet'}
closing name=--- desc=Felix Inlet
checking ownership. requestor=129.138.12.137
check software interlocks H
interlocks []
actuate state mode=None-script, software_lock=False
doing actuation None-script close_channel False
Close H ===>> OK
GetIndicatorState H ===>> False
change switch state (True, True)
update switch state H False args=() kw={} ncanvase=4
14:30:08 -- CLOSE  VALVE-H (Felix Inlet)
---------------------------------------- close None (Felix Inlet) result=[(True, True)]
action=close, ok=True, locked=[False]
open () {'description': 'Felix Ion Pump'}
opening name=--- desc=Felix Ion Pump
checking ownership. requestor=129.138.12.137
check software interlocks V
interlocks []
actuate state mode=None-script, software_lock=False
doing actuation None-script open_channel False
Open V ===>> OK
GetIndicatorState V ===>> OK
change switch state (True, True)
update switch state V True args=() kw={} ncanvase=4
14:30:09 -- OPEN   VALVE-V (Felix Ion Pump)
---------------------------------------- open None (Felix Ion Pump) result=[(True, True)], time=0.13 sec
action=open, ok=True, locked=[False]
close () {'description': 'Microbone to Minibone'}
closing name=--- desc=Microbone to Minibone
checking ownership. requestor=129.138.12.137
check software interlocks L
interlocks []
actuate state mode=None-script, software_lock=False
doing actuation None-script close_channel False
Close L ===>> OK
GetIndicatorState L ===>> False
change switch state (True, True)
update switch state L False args=() kw={} ncanvase=4
14:30:10 -- CLOSE  VALVE-L (Microbone to Minibone)
---------------------------------------- close None (Microbone to Minibone) result=[(True, True)]
action=close, ok=True, locked=[False]
close () {'description': 'Quad Inlet'}
closing name=--- desc=Quad Inlet
checking ownership. requestor=129.138.12.137
check software interlocks Q
interlocks []
actuate state mode=None-script, software_lock=False
doing actuation None-script close_channel True
Close Q ===>> OK
GetIndicatorState Q ===>> False
change switch state (True, True)
update switch state Q False args=() kw={} ncanvase=4
14:30:10 -- CLOSE  VALVE-Q (Quad Inlet)
---------------------------------------- close None (Quad Inlet) result=[(True, True)]
action=close, ok=True, locked=[False]
open () {'description': 'Bone to Turbo'}
opening name=--- desc=Bone to Turbo
checking ownership. requestor=129.138.12.137
check software interlocks C
interlocks []
actuate state mode=None-script, software_lock=False
doing actuation None-script open_channel False
Open C ===>> OK
GetIndicatorState C ===>> OK
change switch state (True, True)
update switch state C True args=() kw={} ncanvase=4
14:30:10 -- OPEN   VALVE-C (Bone to Turbo)
---------------------------------------- open None (Bone to Turbo) result=[(True, True)], time=0.17 sec
action=open, ok=True, locked=[False]
open () {'description': 'Bone to Minibone'}
opening name=--- desc=Bone to Minibone
checking ownership. requestor=129.138.12.137
check software interlocks E
interlocks []
actuate state mode=None-script, software_lock=False
doing actuation None-script open_channel False
Open E ===>> OK
GetIndicatorState E ===>> OK
change switch state (True, True)
update switch state E True args=() kw={} ncanvase=4
14:30:11 -- OPEN   VALVE-E (Bone to Minibone)
---------------------------------------- open None (Bone to Minibone) result=[(True, True)], time=0.15 sec
action=open, ok=True, locked=[False]
open () {'description': 'Minibone to Bone'}
opening name=--- desc=Minibone to Bone
checking ownership. requestor=129.138.12.137
check software interlocks I
interlocks []
actuate state mode=None-script, software_lock=False
doing actuation None-script open_channel True
Open I ===>> OK
GetIndicatorState I ===>> OK
change switch state (True, True)
update switch state I True args=() kw={} ncanvase=4
14:30:12 -- OPEN   VALVE-I (Minibone to Bone)
---------------------------------------- open None (Minibone to Bone) result=[(True, True)], time=0.45 sec
action=open, ok=True, locked=[False]
open () {'description': 'Bone to Getter GP-50'}
opening name=--- desc=Bone to Getter GP-50
checking ownership. requestor=129.138.12.137
check software interlocks N
interlocks []
actuate state mode=None-script, software_lock=False
doing actuation None-script open_channel False
Open N ===>> OK
GetIndicatorState N ===>> OK
change switch state (True, True)
update switch state N True args=() kw={} ncanvase=4
14:30:12 -- OPEN   VALVE-N (Bone to Getter GP-50)
---------------------------------------- open None (Bone to Getter GP-50) result=[(True, True)], time=0.16 sec
action=open, ok=True, locked=[False]
close () {'description': 'Bone to CO2 Laser'}
closing name=--- desc=Bone to CO2 Laser
checking ownership. requestor=129.138.12.137
check software interlocks D
interlocks []
actuate state mode=None-script, software_lock=False
doing actuation None-script close_channel True
Close D ===>> OK
GetIndicatorState D ===>> False
change switch state (True, True)
update switch state D False args=() kw={} ncanvase=4
14:30:13 -- CLOSE  VALVE-D (Bone to CO2 Laser)
---------------------------------------- close None (Bone to CO2 Laser) result=[(True, True)]
action=close, ok=True, locked=[False]
close () {'description': 'Bone to Diode Laser'}
closing name=--- desc=Bone to Diode Laser
checking ownership. requestor=129.138.12.137
check software interlocks B
interlocks []
actuate state mode=None-script, software_lock=False
doing actuation None-script close_channel True
Close B ===>> OK
GetIndicatorState B ===>> False
change switch state (True, True)
update switch state B False args=() kw={} ncanvase=4
14:30:13 -- CLOSE  VALVE-B (Bone to Diode Laser)
---------------------------------------- close None (Bone to Diode Laser) result=[(True, True)]
action=close, ok=True, locked=[False]
executed snippet estimated_duration=0, duration=5.02653598785
PrepareForAirShot.py completed successfully
gosub finished
doing GOSUB
testing...
no interpolation path defined
executed snippet estimated_duration=32.0, duration=0.000164985656738
Evacuate Pipette 2
open () {'description': 'Minibone to Turbo'}
opening name=--- desc=Minibone to Turbo
checking ownership. requestor=129.138.12.137
check software interlocks P
interlocks []
actuate state mode=None-script, software_lock=False
doing actuation None-script open_channel False
Open P ===>> OK
GetIndicatorState P ===>> OK
change switch state (True, True)
update switch state P True args=() kw={} ncanvase=4
14:30:13 -- OPEN   VALVE-P (Minibone to Turbo)
---------------------------------------- open None (Minibone to Turbo) result=[(True, True)], time=0.16 sec
action=open, ok=True, locked=[False]
close () {'description': 'Inner Pipette 2'}
closing name=--- desc=Inner Pipette 2
checking ownership. requestor=129.138.12.137
check software interlocks Z
interlocks ['Y']
actuate state mode=None-script, software_lock=False
doing actuation None-script close_channel False
Close Z ===>> OK
GetIndicatorState Z ===>> False
change switch state (True, True)
update switch state Z False args=() kw={} ncanvase=4
14:30:14 -- CLOSE  VALVE-Z (Inner Pipette 2)
---------------------------------------- close None (Inner Pipette 2) result=[(True, True)]
action=close, ok=True, locked=[False]
sleep (1,) {}
SLEEP 1.0
open () {'description': 'Outer Pipette 2'}
opening name=--- desc=Outer Pipette 2
checking ownership. requestor=129.138.12.137
check software interlocks Y
interlocks ['Z']
actuate state mode=None-script, software_lock=False
doing actuation None-script open_channel True
Open Y ===>> OK
GetIndicatorState Y ===>> OK
change switch state (True, True)
update switch state Y True args=() kw={} ncanvase=4
14:30:15 -- OPEN   VALVE-Y (Outer Pipette 2)
---------------------------------------- open None (Outer Pipette 2) result=[(True, True)], time=0.18 sec
action=open, ok=True, locked=[False]
sleep (15,) {}
SLEEP 15.0
block started
WaitControl setup for 15.0  
Join finished
block finished. duration 15.0665500164
executed snippet estimated_duration=48.0, duration=17.3036010265
EvacPipette2.py completed successfully
gosub finished
doing GOSUB
testing...
no interpolation path defined
executed snippet estimated_duration=34.0, duration=0.000197887420654
Fill Pipette 2
close () {'description': 'Outer Pipette 2'}
closing name=--- desc=Outer Pipette 2
checking ownership. requestor=129.138.12.137
check software interlocks Y
interlocks ['Z']
actuate state mode=None-script, software_lock=False
doing actuation None-script close_channel True
Close Y ===>> OK
GetIndicatorState Y ===>> False
change switch state (True, True)
update switch state Y False args=() kw={} ncanvase=4
14:30:31 -- CLOSE  VALVE-Y (Outer Pipette 2)
---------------------------------------- close None (Outer Pipette 2) result=[(True, True)]
action=close, ok=True, locked=[False]
sleep (1,) {}
SLEEP 1.0
filling air pipette
open () {'description': 'Inner Pipette 2'}
opening name=--- desc=Inner Pipette 2
checking ownership. requestor=129.138.12.137
check software interlocks Z
interlocks ['Y']
actuate state mode=None-script, software_lock=False
doing actuation None-script open_channel True
Open Z ===>> OK
GetIndicatorState Z ===>> OK
change switch state (True, True)
update switch state Z True args=() kw={} ncanvase=4
14:30:32 -- OPEN   VALVE-Z (Inner Pipette 2)
---------------------------------------- open None (Inner Pipette 2) result=[(True, True)], time=0.13 sec
action=open, ok=True, locked=[False]
sleep (15,) {}
SLEEP 15.0
block started
WaitControl setup for 15.0  
Join finished
block finished. duration 15.0842859745
close () {'description': 'Inner Pipette 2'}
closing name=--- desc=Inner Pipette 2
checking ownership. requestor=129.138.12.137
check software interlocks Z
interlocks ['Y']
actuate state mode=None-script, software_lock=False
doing actuation None-script close_channel True
Close Z ===>> OK
GetIndicatorState Z ===>> False
change switch state (True, True)
update switch state Z False args=() kw={} ncanvase=4
14:30:48 -- CLOSE  VALVE-Z (Inner Pipette 2)
---------------------------------------- close None (Inner Pipette 2) result=[(True, True)]
action=close, ok=True, locked=[False]
sleep (1,) {}
SLEEP 1.0
executed snippet estimated_duration=51.0, duration=18.3069059849
FillPipette2.py completed successfully
gosub finished
doing GOSUB
testing...
no interpolation path defined
executed snippet estimated_duration=2.0, duration=0.00012993812561
Prepare for air expansion
close () {'description': 'Bone to Turbo'}
closing name=--- desc=Bone to Turbo
checking ownership. requestor=129.138.12.137
check software interlocks C
interlocks []
actuate state mode=None-script, software_lock=False
doing actuation None-script close_channel True
Close C ===>> OK
set states for children of C. state=False
handle state [('C', False)]
update switch state C False args=() kw={'refresh': False} ncanvase=4
GetIndicatorState C ===>> False
change switch state (True, True)
update switch state C False args=() kw={} ncanvase=4
refresh_canvas_needed fired
14:30:49 -- CLOSE  VALVE-C (Bone to Turbo)
---------------------------------------- close None (Bone to Turbo) result=[(True, True)]
action=close, ok=True, locked=[False]
sleep (1,) {}
SLEEP 1.0
open () {'description': 'Bone to Minibone'}
opening name=--- desc=Bone to Minibone
checking ownership. requestor=129.138.12.137
check software interlocks E
interlocks []
actuate state mode=None-script, software_lock=False
doing actuation None-script open_channel False
Open E ===>> OK
GetIndicatorState E ===>> OK
change switch state (True, True)
update switch state E True args=() kw={} ncanvase=4
14:30:51 -- OPEN   VALVE-E (Bone to Minibone)
---------------------------------------- open None (Bone to Minibone) result=[(True, True)], time=0.14 sec
action=open, ok=True, locked=[False]
open () {'description': 'Minibone to Bone'}
opening name=--- desc=Minibone to Bone
checking ownership. requestor=129.138.12.137
check software interlocks I
interlocks []
actuate state mode=None-script, software_lock=False
doing actuation None-script open_channel False
Open I ===>> OK
GetIndicatorState I ===>> OK
change switch state (True, True)
update switch state I True args=() kw={} ncanvase=4
14:30:51 -- OPEN   VALVE-I (Minibone to Bone)
---------------------------------------- open None (Minibone to Bone) result=[(True, True)], time=0.44 sec
action=open, ok=True, locked=[False]
executed snippet estimated_duration=3.0, duration=2.65035295486
PrepareForAirShotExpansion.py completed successfully
gosub finished
doing GOSUB
testing...
no interpolation path defined
executed snippet estimated_duration=34.0, duration=0.000130891799927
Expand Pipette 2
close () {'description': 'Minibone to Turbo'}
closing name=--- desc=Minibone to Turbo
checking ownership. requestor=129.138.12.137
check software interlocks P
interlocks []
actuate state mode=None-script, software_lock=False
doing actuation None-script close_channel True
Close P ===>> OK
GetIndicatorState P ===>> False
change switch state (True, True)
update switch state P False args=() kw={} ncanvase=4
14:30:52 -- CLOSE  VALVE-P (Minibone to Turbo)
---------------------------------------- close None (Minibone to Turbo) result=[(True, True)]
action=close, ok=True, locked=[False]
sleep (2,) {}
SLEEP 2.0
block started
WaitControl setup for 2.0  
Join finished
block finished. duration 2.01796007156
open () {'description': 'Outer Pipette 2'}
opening name=--- desc=Outer Pipette 2
checking ownership. requestor=129.138.12.137
check software interlocks Y
interlocks ['Z']
actuate state mode=None-script, software_lock=False
doing actuation None-script open_channel True
Open Y ===>> OK
GetIndicatorState Y ===>> OK
increment shot count 4234
saved current shot count 4234
change switch state (True, True)
update switch state Y True args=() kw={} ncanvase=4
14:30:54 -- OPEN   VALVE-Y (Outer Pipette 2)
---------------------------------------- open None (Outer Pipette 2) result=[(True, True)], time=0.23 sec
action=open, ok=True, locked=[False]
sleep (15,) {}
SLEEP 15.0
block started
WaitControl setup for 15.0  
Join finished
block finished. duration 15.0385169983
executed snippet estimated_duration=51.0, duration=17.9826409817
ExpandPipette2.py completed successfully
gosub finished
close () {'description': 'Outer Pipette 2'}
closing name=--- desc=Outer Pipette 2
checking ownership. requestor=129.138.12.137
check software interlocks Y
interlocks ['Z']
actuate state mode=None-script, software_lock=False
doing actuation None-script close_channel True
Close Y ===>> OK
GetIndicatorState Y ===>> False
change switch state (True, True)
update switch state Y False args=() kw={} ncanvase=4
14:31:10 -- CLOSE  VALVE-Y (Outer Pipette 2)
---------------------------------------- close None (Outer Pipette 2) result=[(True, True)]
action=close, ok=True, locked=[False]
sleep (1,) {}
SLEEP 1.0
Shot 2
doing GOSUB
testing...
no interpolation path defined
executed snippet estimated_duration=34.0, duration=0.000178098678589
Fill Pipette 2
close () {'description': 'Outer Pipette 2'}
closing name=--- desc=Outer Pipette 2
checking ownership. requestor=129.138.12.137
check software interlocks Y
interlocks ['Z']
actuate state mode=None-script, software_lock=False
doing actuation None-script close_channel False
Close Y ===>> OK
GetIndicatorState Y ===>> False
change switch state (True, True)
update switch state Y False args=() kw={} ncanvase=4
14:31:11 -- CLOSE  VALVE-Y (Outer Pipette 2)
---------------------------------------- close None (Outer Pipette 2) result=[(True, True)]
action=close, ok=True, locked=[False]
sleep (1,) {}
SLEEP 1.0
filling air pipette
open () {'description': 'Inner Pipette 2'}
opening name=--- desc=Inner Pipette 2
checking ownership. requestor=129.138.12.137
check software interlocks Z
interlocks ['Y']
actuate state mode=None-script, software_lock=False
doing actuation None-script open_channel True
Open Z ===>> OK
GetIndicatorState Z ===>> OK
change switch state (True, True)
update switch state Z True args=() kw={} ncanvase=4
14:31:12 -- OPEN   VALVE-Z (Inner Pipette 2)
---------------------------------------- open None (Inner Pipette 2) result=[(True, True)], time=0.13 sec
action=open, ok=True, locked=[False]
sleep (15,) {}
SLEEP 15.0
block started
WaitControl setup for 15.0  
Join finished
block finished. duration 15.0754780769
close () {'description': 'Inner Pipette 2'}
closing name=--- desc=Inner Pipette 2
checking ownership. requestor=129.138.12.137
check software interlocks Z
interlocks ['Y']
actuate state mode=None-script, software_lock=False
doing actuation None-script close_channel True
Close Z ===>> OK
GetIndicatorState Z ===>> False
change switch state (True, True)
update switch state Z False args=() kw={} ncanvase=4
14:31:28 -- CLOSE  VALVE-Z (Inner Pipette 2)
---------------------------------------- close None (Inner Pipette 2) result=[(True, True)]
action=close, ok=True, locked=[False]
sleep (1,) {}
SLEEP 1.0
executed snippet estimated_duration=51.0, duration=18.2454018593
FillPipette2.py completed successfully
gosub finished
doing GOSUB
testing...
no interpolation path defined
executed snippet estimated_duration=34.0, duration=0.000114917755127
Expand Pipette 2
close () {'description': 'Minibone to Turbo'}
closing name=--- desc=Minibone to Turbo
checking ownership. requestor=129.138.12.137
check software interlocks P
interlocks []
actuate state mode=None-script, software_lock=False
doing actuation None-script close_channel False
Close P ===>> OK
GetIndicatorState P ===>> False
change switch state (True, True)
update switch state P False args=() kw={} ncanvase=4
14:31:29 -- CLOSE  VALVE-P (Minibone to Turbo)
---------------------------------------- close None (Minibone to Turbo) result=[(True, True)]
action=close, ok=True, locked=[False]
sleep (2,) {}
SLEEP 2.0
block started
WaitControl setup for 2.0  
Join finished
block finished. duration 2.00508213043
open () {'description': 'Outer Pipette 2'}
opening name=--- desc=Outer Pipette 2
checking ownership. requestor=129.138.12.137
check software interlocks Y
interlocks ['Z']
actuate state mode=None-script, software_lock=False
doing actuation None-script open_channel True
Open Y ===>> OK
set states for children of Y. state=True
handle state [('Y', True)]
update switch state Y True args=() kw={'refresh': False} ncanvase=4
refresh_canvas_needed fired
GetIndicatorState Y ===>> OK
increment shot count 4235
saved current shot count 4235
change switch state (True, True)
update switch state Y True args=() kw={} ncanvase=4
14:31:32 -- OPEN   VALVE-Y (Outer Pipette 2)
---------------------------------------- open None (Outer Pipette 2) result=[(True, True)], time=0.16 sec
action=open, ok=True, locked=[False]
sleep (15,) {}
SLEEP 15.0
block started
WaitControl setup for 15.0  
Join finished
block finished. duration 15.0867881775
executed snippet estimated_duration=51.0, duration=17.9561049938
ExpandPipette2.py completed successfully
gosub finished
close () {'description': 'Outer Pipette 2'}
closing name=--- desc=Outer Pipette 2
checking ownership. requestor=129.138.12.137
check software interlocks Y
interlocks ['Z']
actuate state mode=None-script, software_lock=False
doing actuation None-script close_channel True
Close Y ===>> OK
GetIndicatorState Y ===>> False
change switch state (True, True)
update switch state Y False args=() kw={} ncanvase=4
14:31:47 -- CLOSE  VALVE-Y (Outer Pipette 2)
---------------------------------------- close None (Outer Pipette 2) result=[(True, True)]
action=close, ok=True, locked=[False]
sleep (1,) {}
SLEEP 1.0
executed snippet estimated_duration=176.0, duration=100.457568169
felix_air_x2.py completed successfully
get achieved output
Requested Output= 0.000
Achieved Output=  0.000
get response blob
get output blob
active pid =
persistence save...
persistence save - db
AutomatedRunPersister post_extraction_save deprecated
persistence save - dvc
no extraction position for 
create new session 4664570896
close session 4664570896
Extraction Finished
14:31:49 -- ******* Extraction Finished *******
no overlap. not waiting for min ms pumptime
14:31:49 -- Sending spectrometer configuration
======== Sending configuration ========
SetZFocus 9.84 ===>> OK
SetHV 9000.0 ===>> OK
SetZSymmetry 18.34 ===>> OK
SetExtractionLens 42.35 ===>> OK
SetIonRepeller -4.08 ===>> OK
SetElectronEnergy 107.0 ===>> OK
SetYSymmetry 12.72 ===>> OK
send trap current 400.0
GetParameter Trap Current Readback ===>> 398.64365500824
SetParameter Trap Current Set,400.0 ===>> OK
updating mftable name argon
Using mftable located at /Users/obama/PychronDev/setupfiles/spectrometer/mftables/argon.csv
============ MFtable ===========
Isotope  H2     H1     AX     L1     L2     L2(CDD)
Ar40     3.4928 3.5640 3.6383 3.7153 3.8111 3.7977
Ar39     3.4238 3.4941 3.5669 3.6452 3.7362 3.7225
Ar36     3.2137 3.2800 3.3483 3.4201 3.5168 3.4942
================================
get initial guess parabolic
get initial guess parabolic
get initial guess parabolic
get initial guess parabolic
get initial guess parabolic
get initial guess parabolic
======== Configuration Finished ========
GetYSymmetry ===>> 12.72
GetZSymmetry ===>> 18.34
GetParameter Trap Current Readback ===>> 397.077275224318
GetHighVoltage ===>> 9000
start measurement
do measurement
L#=a-01-F analysis type=air
Measurement Started felix_analysis400_120.py
14:31:49 -- ******* Measurement Started felix_analysis400_120.py *******
state changed from extraction to measurement
setting spec, defl, and gains
GetExtractionLens ===>> 42.35
GetYSymmetry ===>> 12.72
GetZSymmetry ===>> 18.34
GetZFocus ===>> 9.84
GetDeflection H2 (CDD) ===>> 3250
GetDeflection H1 (CDD) ===>> 3250
GetDeflection AX (CDD) ===>> 3250
GetDeflection L1 (CDD) ===>> 3250
GetDeflection L2 (CDD) ===>> 0
GetGain H2 ===>> 0.9809305
GetGain H1 ===>> 0.96484
GetGain AX ===>> 0.96253
GetGain L1 ===>> 0.970094835296087
GetGain L2 ===>> 0.967359864778375
GetGain H2(CDD) ===>> 0
GetGain H1(CDD) ===>> 0
GetGain AX(CDD) ===>> 0
GetGain L1(CDD) ===>> 0
GetGain L2(CDD) ===>> 0
pre measurement save
New frame /Users/obama/PychronDev/data/isotopes/b9/69a340-3e87-4660-8311-b9ad79a2ad08.h5
flush and close file /Users/obama/PychronDev/data/isotopes/b9/69a340-3e87-4660-8311-b9ad79a2ad08.h5
testing...
no interpolation path defined
executed snippet estimated_duration=655.442112, duration=0.00025486946106
unknown measurement script
activate_detectors ('H2', 'H1', 'AX', 'L1', 'L2(CDD)') {}
activate detectors
*************** Set Analysis View Ar/Ar
create graphs
clearing graphs
clear isotope group
setting isotope det=H2, iso=Ar40
setting isotope det=H1, iso=Ar39
setting isotope det=AX, iso=Ar38
setting isotope det=L1, iso=Ar37
setting isotope det=L2(CDD), iso=Ar36
setting previous blanks
 - setting Ar40 blank 0.372+/-0.020
 - setting Ar36 blank 0.00137+/-0.00016
 - setting Ar37 blank -0.028+/-0.012
 - setting Ar38 blank 0.006+/-0.013
 - setting Ar39 blank 0.012+/-0.022
load analysis view
position_magnet ('Ar40',) {'detector': 'H2'}
detector Detector(H2)
POSITION Ar40 H2
setting detector H2 to Ar40 (39.9624)
setting detector H1 to Ar39 (38.8624)
setting detector AX to Ar38 (37.9624)
setting detector L1 to Ar37 (36.9624)
setting detector L2 to Ar36 (35.8624)
setting detector H2(CDD) to Ar40 (39.8624)
setting detector H1(CDD) to Ar39 (38.8624)
setting detector AX(CDD) to Ar38 (37.8624)
setting detector L1(CDD) to Ar37 (36.8624)
setting detector L2(CDD) to Ar36 (35.9624)
Mapping mass to dac mass func: "parabolic"
H2 map mass coeffs = [ -2.38925034e-04   8.80081338e-02   3.57375459e-01]
H2 map mass to dac 39.9624 >> 3.49283
GetHighVoltage ===>> 9000
positioning Ar40 (3.49283) on H2
setting magnet DAC
current  : 3.485909
requested: 3.492830
Delta Dac: 0.006921
Checking detector protection. dv=0.00692
SetMagnetDAC 3.49283 ===>> OK
Magnet settling time: 0.500
update labels <pychron.experiment.plot_panel.PlotPanel object at 0x125400170>
update labels "<pychron.graph.stacked_regression_graph.StackedRegressionGraph object at 0x13284b470>"
setting label 0 H2 Ar40
setting label 1 H1 Ar39
setting label 2 AX Ar38
setting label 3 L1 Ar37
setting label 4 L2(CDD) Ar36
update labels "<pychron.graph.stacked_graph.StackedGraph object at 0x11aff86b0>"
setting label 0 H2 Ar40
setting label 1 H1 Ar39
setting label 2 AX Ar38
setting label 3 L1 Ar37
setting label 4 L2(CDD) Ar36
equilibrate () {'delay': 3, 'inlet': 'H', 'outlet': 'V', 'eqtime': 30.0}
Equilibration Started
14:31:50 -- ******* Equilibration Started *******
checking ownership. requestor=129.138.12.137
check software interlocks V
interlocks []
actuate state mode=None-script, software_lock=False
doing actuation None-script close_channel True
Close V ===>> OK
GetIndicatorState V ===>> False
change switch state (True, True)
update switch state V False args=() kw={} ncanvase=4
14:31:50 -- CLOSE  VALVE-V (Felix Ion Pump)
waiting 3s before opening inlet value ('H',)
checking ownership. requestor=129.138.12.137
check software interlocks H
interlocks []
actuate state mode=None-script, software_lock=False
doing actuation None-script open_channel True
Open H ===>> OK
GetIndicatorState H ===>> OK
change switch state (True, True)
update switch state H True args=() kw={} ncanvase=4
14:31:54 -- OPEN   VALVE-H (Felix Inlet)
equilibrating for 30.0sec
set_time_zero () {}
sniff (30.0,) {}
py_sniff
build tables- sniff [Detector(H2), Detector(H1), Detector(AX), Detector(L1), Detector(L2(CDD))]
add group /sniff/Ar40 (Group) u'' table H2
add group /sniff/Ar39 (Group) u'' table H1
add group /sniff/Ar38 (Group) u'' table AX
add group /sniff/Ar37 (Group) u'' table L1
add group /sniff/Ar36 (Group) u'' table L2(CDD)
flush and close file /Users/obama/PychronDev/data/isotopes/b9/69a340-3e87-4660-8311-b9ad79a2ad08.h5
measuring sniff. ncounts=30.0
"sniff" increment series count="1" fit count="0" regressing="False"
starting measurement
GetData ===>> L2(CDD),0.000786223551241894,H2,0.16895262242345,H1,-0.112380904611393,AX,0.0411931770530778,L1,-...
GetData ===>> L2(CDD),1.84331988640715,H2,280.729023299901,H1,-0.111461676123254,AX,-0.131259055376504,L1,-0.32...
GetData ===>> L2(CDD),4.26400724842822,H2,1113.13070892873,H1,-0.0544677989357505,AX,0.450432224779817,L1,-0.19...
GetData ===>> L2(CDD),4.38568496067701,H2,1314.63769282469,H1,-0.0211432057619046,AX,0.565504694372378,L1,-0.36...
GetData ===>> L2(CDD),4.13430559340646,H2,1268.77374567243,H1,-0.218890573968432,AX,0.759885646994307,L1,-0.367...
GetData ===>> L2(CDD),3.8698779614846,H2,1190.50730747821,H1,0.031029331500913,AX,0.633200808237782,L1,-0.16953...
GetData ===>> L2(CDD),3.62655656049003,H2,1120.04822850722,H1,-0.142485153451532,AX,0.626889952358733,L1,-0.313...
GetData ===>> L2(CDD),3.46681584051324,H2,1061.70045820129,H1,-0.00160756414613607,AX,0.919183358057263,L1,-0.4...
GetData ===>> L2(CDD),3.34075881296315,H2,1013.74770272171,H1,-0.0310257914091487,AX,0.539919097709623,L1,-0.26...
GetData ===>> L2(CDD),3.19015640508257,H2,974.628839048591,H1,0.0767688109986405,AX,0.477851036528129,L1,-0.190...
GetData ===>> L2(CDD),3.09699654054924,H2,944.270528091145,H1,-0.0891701170872339,AX,0.402938725249188,L1,-0.17...
GetData ===>> L2(CDD),3.04223462941916,H2,919.694332798722,H1,0.0291906038014687,AX,0.618513789357278,L1,-0.220...
GetData ===>> L2(CDD),2.95080903632532,H2,901.048328615346,H1,-0.0479178835966806,AX,0.400988559169237,L1,-0.15...
GetData ===>> L2(CDD),2.93648954872394,H2,886.218841944809,H1,-0.251863675253127,AX,0.340535370253731,L1,-0.415...
GetData ===>> L2(CDD),2.91257139461633,H2,873.627360831179,H1,0.0696434228365245,AX,0.38079883664082,L1,-0.3069...
GetData ===>> L2(CDD),2.88519157272139,H2,864.008106277258,H1,-0.227047787588617,AX,0.468099486798925,L1,-0.192...
GetData ===>> L2(CDD),2.85576633462914,H2,856.598862891801,H1,-0.0217177774672494,AX,0.352809239965332,L1,-0.47...
GetData ===>> L2(CDD),2.85466485920552,H2,851.098010905136,H1,-0.427050272085658,AX,0.296947191236821,L1,-0.392...
GetData ===>> L2(CDD),2.81155019521226,H2,845.595058708984,H1,0.00586205044273564,AX,0.353726918754975,L1,-0.42...
GetData ===>> L2(CDD),2.83279276529419,H2,841.677216478138,H1,-0.114334262239263,AX,0.501714068966332,L1,-0.377...
GetData ===>> L2(CDD),2.81170754718093,H2,839.319899462385,H1,0.0147107456476914,AX,0.243382316620697,L1,-0.143...
GetData ===>> L2(CDD),2.79314005632701,H2,836.332611855868,H1,-0.0646947707906612,AX,0.373227799864522,L1,-0.33...
GetData ===>> L2(CDD),2.77992257140717,H2,834.068098593837,H1,-0.407752586979943,AX,0.247282014163463,L1,-0.248...
GetData ===>> L2(CDD),2.78999303226512,H2,833.104469146018,H1,-0.170750119641004,AX,0.668427618255926,L1,-0.176...
14:32:19 -- collecting point 25
GetData ===>> L2(CDD),2.76072582352344,H2,831.689960922966,H1,-0.0293020919003174,AX,0.474638750413157,L1,-0.33...
GetData ===>> L2(CDD),2.80918991640273,H2,830.82853570957,H1,-0.152366495961163,AX,0.620808621287918,L1,-0.2059...
GetData ===>> L2(CDD),2.76292872447893,H2,829.518774947466,H1,0.00425320548993757,AX,0.475097647773081,L1,-0.06...
GetData ===>> L2(CDD),2.77425794798264,H2,829.027387682734,H1,-0.238536703845104,AX,0.498960611957052,L1,-0.355...
GetData ===>> L2(CDD),2.76308607459221,H2,828.477936551048,H1,0.0227550844545967,AX,0.414639804698069,L1,-0.456...
Equilibration Finished
14:32:24 -- ******* Equilibration Finished *******
checking ownership. requestor=129.138.12.137
check software interlocks H
interlocks []
actuate state mode=None-script, software_lock=False
doing actuation None-script close_channel True
Close H ===>> OK
GetIndicatorState H ===>> False
change switch state (True, True)
update switch state H False args=() kw={} ncanvase=4
14:32:24 -- CLOSE  VALVE-H (Felix Inlet)
Post Equilibration Started felix_pump_extraction_line.py
14:32:24 -- ******* Post Equilibration Started felix_pump_extraction_line.py *******
testing...
no interpolation path defined
calculate duration
testing...
no interpolation path defined
executed snippet estimated_duration=4.0, duration=0.000216007232666
executed snippet estimated_duration=4.0, duration=0.00137901306152
Pump after analysis
doing GOSUB
testing...
no interpolation path defined
executed snippet estimated_duration=4.0, duration=0.000240087509155
Pump Bone
close () {'description': 'Felix Inlet'}
closing name=--- desc=Felix Inlet
checking ownership. requestor=129.138.12.137
check software interlocks H
interlocks []
actuate state mode=None-script, software_lock=False
doing actuation None-script close_channel False
Close H ===>> OK
GetIndicatorState H ===>> False
change switch state (True, True)
update switch state H False args=() kw={} ncanvase=4
14:32:24 -- CLOSE  VALVE-H (Felix Inlet)
---------------------------------------- close None (Felix Inlet) result=[(True, True)]
action=close, ok=True, locked=[False]
is_closed ('A',) {}
is A () closed?
is closed False
close () {'description': 'CO2 Laser to Bone'}
closing name=--- desc=CO2 Laser to Bone
checking ownership. requestor=129.138.12.137
check software interlocks F
interlocks []
actuate state mode=None-script, software_lock=True
VALVE-F(CO2 Laser to Bone) software locked
change switch state (True, False)
---------------------------------------- close None (CO2 Laser to Bone) result=[(True, False)]
action=close, ok=True, locked=[True]
sleep (1,) {}
SLEEP 1.0
GetData ===>> L2(CDD),2.77299914383397,H2,827.891054940472,H1,-0.41774607925904,AX,0.525577692949755,L1,-0.4355...
close () {'description': 'CO2 Laser to Roughing'}
closing name=--- desc=CO2 Laser to Roughing
checking ownership. requestor=129.138.12.137
check software interlocks G
interlocks []
actuate state mode=None-script, software_lock=True
VALVE-G(CO2 Laser to Roughing) software locked
change switch state (True, False)
---------------------------------------- close None (CO2 Laser to Roughing) result=[(True, False)]
action=close, ok=True, locked=[True]
open () {'description': 'Bone to Turbo'}
opening name=--- desc=Bone to Turbo
checking ownership. requestor=129.138.12.137
check software interlocks C
interlocks []
actuate state mode=None-script, software_lock=False
doing actuation None-script open_channel True
Open C ===>> OK
GetIndicatorState C ===>> OK
change switch state (True, True)
update switch state C True args=() kw={} ncanvase=4
14:32:25 -- OPEN   VALVE-C (Bone to Turbo)
---------------------------------------- open None (Bone to Turbo) result=[(True, True)], time=0.18 sec
measurement finished
estimated time: 31.457 actual time: :31.617
flush and close file /Users/obama/PychronDev/data/isotopes/b9/69a340-3e87-4660-8311-b9ad79a2ad08.h5
set_fits () {}
using default fits file=/Users/obama/PychronDev/scripts/measurement/fits/nominal.yaml
set "Ar40" to "('Parabolic', 'SEM')"
set "Ar36" to "('Parabolic', 'SEM')"
set "Ar37" to "('linear', 'SEM')"
set "Ar38" to "('linear', 'SEM')"
set "Ar39" to "('Parabolic', 'SEM')"
set_baseline_fits () {}
using default fits file=/Users/obama/PychronDev/scripts/measurement/fits/nominal.yaml
action=open, ok=True, locked=[False]
open () {'description': 'Bone to Getter GP-50'}
set "H2" to "('average', 'SEM')"
opening name=--- desc=Bone to Getter GP-50
set "L2(CDD)" to "('average', 'SEM')"
set "L1" to "('average', 'SEM')"
set "AX" to "('average', 'SEM')"
set "H1" to "('average', 'SEM')"
checking ownership. requestor=129.138.12.137
multicollect () {'integration_time': 1.048576, 'ncounts': 400}
check software interlocks N
build tables- signal [Detector(H2), Detector(H1), Detector(AX), Detector(L1), Detector(L2(CDD))]
interlocks []
add group /signal/Ar40 (Group) u'' table H2
actuate state mode=None-script, software_lock=False
doing actuation None-script open_channel False
add group /signal/Ar39 (Group) u'' table H1
add group /signal/Ar38 (Group) u'' table AX
add group /signal/Ar37 (Group) u'' table L1
add group /signal/Ar36 (Group) u'' table L2(CDD)
flush and close file /Users/obama/PychronDev/data/isotopes/b9/69a340-3e87-4660-8311-b9ad79a2ad08.h5
measuring signal. ncounts=400
Open N ===>> OK
GetIndicatorState N ===>> OK
change switch state (True, True)
update switch state N True args=() kw={} ncanvase=4
"signal" increment series count="2" fit count="1" regressing="True"
14:32:26 -- OPEN   VALVE-N (Bone to Getter GP-50)
---------------------------------------- open None (Bone to Getter GP-50) result=[(True, True)], time=0.20 sec
action=open, ok=True, locked=[False]
open () {'description': 'Bone to Diode Laser'}
opening name=--- desc=Bone to Diode Laser
checking ownership. requestor=129.138.12.137
check software interlocks B
interlocks []
actuate state mode=None-script, software_lock=False
doing actuation None-script open_channel True
Open B ===>> OK
GetIndicatorState B ===>> OK
change switch state (True, True)
update switch state B True args=() kw={} ncanvase=4
starting measurement
GetData ===>> L2(CDD),2.7722123914362,H2,828.185294218875,H1,0.159289237125798,AX,0.339961828767445,L1,-0.30473...
14:32:26 -- OPEN   VALVE-B (Bone to Diode Laser)
---------------------------------------- open None (Bone to Diode Laser) result=[(True, True)], time=0.18 sec
action=open, ok=True, locked=[False]
open () {'description': 'Bone to CO2 Laser'}
opening name=--- desc=Bone to CO2 Laser
checking ownership. requestor=129.138.12.137
check software interlocks D
interlocks []
actuate state mode=None-script, software_lock=False
doing actuation None-script open_channel True
Open D ===>> OK
GetIndicatorState D ===>> OK
change switch state (True, True)
update switch state D True args=() kw={} ncanvase=4
14:32:27 -- OPEN   VALVE-D (Bone to CO2 Laser)
---------------------------------------- open None (Bone to CO2 Laser) result=[(True, True)], time=0.17 sec
action=open, ok=True, locked=[False]
sleep (1,) {}
SLEEP 1.0
GetData ===>> L2(CDD),2.73318966087792,H2,827.213709224267,H1,-0.0280380436357674,AX,0.374948484812142,L1,-0.20...
set_resource () {'name': 'CO2PumpTimeFlag', 'value': 30}
Set CO2PumpTimeFlag 30 ===>> OK
release ('FelixCO2Flag',) {}
release FelixCO2Flag
Set FelixCO2Flag 0 ===>> OK
executed snippet estimated_duration=6.0, duration=4.31039118767
PumpBone.py completed successfully
gosub finished
get_resource_value () {'name': 'FelixMiniboneFlag'}
Read FelixMiniboneFlag ===>> 1
Get Resource Value FelixMiniboneFlag=1.0
doing GOSUB
testing...
no interpolation path defined
executed snippet estimated_duration=0, duration=3.50475311279e-05
get_resource_value () {'name': 'FelixMiniboneFlag'}
Read FelixMiniboneFlag ===>> 1
Get Resource Value FelixMiniboneFlag=1.0
Pump minibone
open () {'description': 'Bone to Minibone'}
opening name=--- desc=Bone to Minibone
checking ownership. requestor=129.138.12.137
check software interlocks E
interlocks []
actuate state mode=None-script, software_lock=False
doing actuation None-script open_channel False
Open E ===>> OK
GetIndicatorState E ===>> OK
change switch state (True, True)
update switch state E True args=() kw={} ncanvase=4
14:32:28 -- OPEN   VALVE-E (Bone to Minibone)
---------------------------------------- open None (Bone to Minibone) result=[(True, True)], time=0.16 sec
GetData ===>> L2(CDD),2.78338428955301,H2,826.472444366435,H1,-0.490109657557269,AX,0.388025790931127,L1,-0.186...
action=open, ok=True, locked=[False]
open () {'description': 'Minibone to Turbo'}
opening name=--- desc=Minibone to Turbo
checking ownership. requestor=129.138.12.137
check software interlocks P
interlocks []
actuate state mode=None-script, software_lock=False
doing actuation None-script open_channel True
Open P ===>> OK
GetIndicatorState P ===>> OK
change switch state (True, True)
update switch state P True args=() kw={} ncanvase=4
14:32:29 -- OPEN   VALVE-P (Minibone to Turbo)
---------------------------------------- open None (Minibone to Turbo) result=[(True, True)], time=0.23 sec
action=open, ok=True, locked=[False]
open () {'description': 'Quad Inlet'}
opening name=--- desc=Quad Inlet
checking ownership. requestor=129.138.12.137
check software interlocks Q
interlocks []
actuate state mode=None-script, software_lock=False
doing actuation None-script open_channel True
Open Q ===>> OK
GetIndicatorState Q ===>> OK
change switch state (True, True)
update switch state Q True args=() kw={} ncanvase=4
14:32:29 -- OPEN   VALVE-Q (Quad Inlet)
---------------------------------------- open None (Quad Inlet) result=[(True, True)], time=0.22 sec
action=open, ok=True, locked=[False]
close () {'description': 'Minibone to Bone'}
closing name=--- desc=Minibone to Bone
checking ownership. requestor=129.138.12.137
check software interlocks I
interlocks []
actuate state mode=None-script, software_lock=False
doing actuation None-script close_channel True
GetData ===>> L2(CDD),2.73665133979081,H2,825.923300749654,H1,0.319638103131834,AX,0.402594578006783,L1,-0.4031...
Close I ===>> OK
GetIndicatorState I ===>> False
change switch state (True, True)
update switch state I False args=() kw={} ncanvase=4
14:32:30 -- CLOSE  VALVE-I (Minibone to Bone)
---------------------------------------- close None (Minibone to Bone) result=[(True, True)]
action=close, ok=True, locked=[False]
set_resource () {'name': 'MinibonePumpTimeFlag', 'value': 30}
Set MinibonePumpTimeFlag 30 ===>> OK
release ('FelixMiniboneFlag',) {}
release FelixMiniboneFlag
Set FelixMiniboneFlag 0 ===>> OK
executed snippet estimated_duration=0, duration=2.18485999107
PumpMinibone.py completed successfully
gosub finished
executed snippet estimated_duration=4.0, duration=6.50747108459
felix_pump_extraction_line.py completed successfully
Post Equilibration Finished
14:32:30 -- ******* Post Equilibration Finished *******
GetData ===>> L2(CDD),2.74939663719922,H2,825.584803054419,H1,-0.085722922790229,AX,0.370589422252258,L1,-0.430...
GetData ===>> L2(CDD),2.77866376552921,H2,825.374428190789,H1,-0.0625114937673899,AX,0.632512349221794,L1,-0.41...
GetData ===>> L2(CDD),2.79361211014344,H2,825.748781573781,H1,-0.268062590823438,AX,0.14176635654376,L1,-0.2344...
GetData ===>> L2(CDD),2.77630350554383,H2,825.359011898973,H1,-0.0289573516289487,AX,0.403397588430275,L1,-0.25...
GetData ===>> L2(CDD),2.76072582352344,H2,825.245798561265,H1,-0.0606729408626214,AX,0.595795248385629,L1,-0.27...
GetData ===>> L2(CDD),2.73413375483868,H2,825.683950546265,H1,0.0197671793524671,AX,0.406150772111446,L1,-0.336...
GetData ===>> L2(CDD),2.75742147429684,H2,824.321043271103,H1,0.046428813579224,AX,0.278594864246157,L1,-0.2629...
GetData ===>> L2(CDD),2.7962870827907,H2,824.857826861961,H1,0.166875034467466,AX,0.478654109731938,L1,-0.66711...
GetData ===>> L2(CDD),2.76780658078275,H2,824.72394291545,H1,-0.197175964832299,AX,0.287770984002751,L1,-0.1503...
GetData ===>> L2(CDD),2.74388940509044,H2,824.724937055666,H1,-0.00723846613759433,AX,0.454562205043536,L1,-0.2...
GetDeflection L2 (CDD) ===>> 0
testing L2_CDD_==3250
evaluate ot="L2(CDD).deflection==3250" t="L2_CDD_==3250", ctx="{'L2_CDD_': 0.0}"
GetData ===>> L2(CDD),2.77488735020108,H2,825.234858961288,H1,0.221471547604726,AX,0.590976232859108,L1,-0.5283...
GetData ===>> L2(CDD),2.75836557380567,H2,824.627846049633,H1,-0.0818160876930215,AX,0.462592772946271,L1,-0.36...
GetData ===>> L2(CDD),2.74640699599893,H2,824.457704613564,H1,0.156760651267926,AX,0.411771879910437,L1,-0.4105...
GetData ===>> L2(CDD),2.72925593836812,H2,824.418941122612,H1,0.127222661947364,AX,0.675886228719985,L1,-0.1791...
GetData ===>> L2(CDD),2.76843598201646,H2,824.651703962084,H1,0.0606792995839842,AX,0.565504694372378,L1,-0.458...
GetData ===>> L2(CDD),2.73444845287364,H2,824.883677227435,H1,-0.102958771080969,AX,0.279971276633101,L1,-0.573...
GetData ===>> L2(CDD),2.79801794836949,H2,823.920152314281,H1,0.00298911490940743,AX,0.711573610752494,L1,-0.10...
GetData ===>> L2(CDD),2.75962437348702,H2,824.110031414484,H1,-0.0338986170795504,AX,0.559194282245428,L1,-0.38...
GetData ===>> L2(CDD),2.74546289922811,H2,824.011624841279,H1,-0.0457345685995954,AX,0.409592262785874,L1,-0.41...
GetData ===>> L2(CDD),2.76261402427038,H2,823.96257360735,H1,-0.213146015935664,AX,0.448137798956253,L1,-0.2651...
GetDeflection L2 (CDD) ===>> 0
testing L2_CDD_==3250
evaluate ot="L2(CDD).deflection==3250" t="L2_CDD_==3250", ctx="{'L2_CDD_': 0.0}"
14:32:52 -- collecting point 25
GetData ===>> L2(CDD),2.74672169497057,H2,823.624233528228,H1,-0.067107860698153,AX,0.273548035666722,L1,-0.236...
GetData ===>> L2(CDD),2.75616267528798,H2,824.317730435631,H1,-0.142485153451532,AX,0.463510556401123,L1,-0.266...
GetData ===>> L2(CDD),2.79974881467484,H2,823.674432558166,H1,-0.156387943581283,AX,0.22480162178056,L1,-0.5413...
GetData ===>> L2(CDD),2.74011302160982,H2,823.219725343507,H1,-0.048032794775261,AX,0.407297934302321,L1,-0.149...
GetData ===>> L2(CDD),2.74388940509044,H2,822.717980777875,H1,-0.108589081452526,AX,0.337782374236859,L1,-0.118...
GetData ===>> L2(CDD),2.75930967353066,H2,823.208959944568,H1,-0.0380354710139301,AX,0.514563639142953,L1,-0.26...
GetData ===>> L2(CDD),2.77976522065141,H2,823.259972112033,H1,-0.13513153053573,AX,0.507679919503861,L1,-0.3354...
GetData ===>> L2(CDD),2.73539254712261,H2,822.90259508796,H1,-0.0336687913410788,AX,0.464772510079331,L1,-0.517...
GetData ===>> L2(CDD),2.76245667417511,H2,822.467673016843,H1,0.0826300568431514,AX,0.291900266432589,L1,-0.302...
GetData ===>> L2(CDD),2.7350778490156,H2,822.011982140874,H1,-0.0237862327721712,AX,0.491159193200116,L1,-0.338...
GetDeflection L2 (CDD) ===>> 0
testing L2_CDD_==3250
evaluate ot="L2(CDD).deflection==3250" t="L2_CDD_==3250", ctx="{'L2_CDD_': 0.0}"
GetData ===>> L2(CDD),2.75317302918208,H2,822.450623268828,H1,-0.15811141600006,AX,0.381945968619587,L1,-0.0908...
GetData ===>> L2(CDD),2.75018338524377,H2,822.345018811695,H1,0.0316039346256893,AX,0.526266075496793,L1,-0.431...
GetData ===>> L2(CDD),2.74105711715574,H2,822.394509556266,H1,0.0437856014171829,AX,0.35223569116539,L1,-0.4666...
GetData ===>> L2(CDD),2.7379101328433,H2,822.644969689392,H1,-0.194992987663568,AX,0.400070835322602,L1,-0.2801...
GetData ===>> L2(CDD),2.76481692623461,H2,822.635533162011,H1,0.166070477376208,AX,0.453185542987369,L1,-0.0801...
GetData ===>> L2(CDD),2.74923928760832,H2,821.817924573786,H1,-0.01321408127988,AX,0.477851036528129,L1,-0.5830...
GetData ===>> L2(CDD),2.71824153530518,H2,821.911307254503,H1,-0.0432065134823929,AX,0.30302647670424,L1,-0.327...
GetData ===>> L2(CDD),2.73995567237318,H2,821.926043747482,H1,-0.347215081060084,AX,0.453644430120998,L1,-0.374...
GetData ===>> L2(CDD),2.73334700985637,H2,822.052717803135,H1,0.215839343318034,AX,0.40741265059664,L1,-0.15015...
GetData ===>> L2(CDD),2.78967832999103,H2,821.357063726821,H1,0.210207171913374,AX,0.0172268890313119,L1,-0.362...
GetDeflection L2 (CDD) ===>> 0
testing L2_CDD_==3250
evaluate ot="L2(CDD).deflection==3250" t="L2_CDD_==3250", ctx="{'L2_CDD_': 0.0}"
GetData ===>> L2(CDD),2.75333037892309,H2,821.103523046298,H1,-0.16730321688998,AX,0.603138556525526,L1,-0.3252...
GetData ===>> L2(CDD),2.75002603562285,H2,821.368153050684,H1,-0.431070574546266,AX,0.413033765764427,L1,-0.360...
GetData ===>> L2(CDD),2.74483350150099,H2,820.951123020354,H1,0.0247087197177919,AX,0.501140431440335,L1,-0.280...
GetData ===>> L2(CDD),2.73067207803933,H2,821.346636532917,H1,-0.0415977476847871,AX,0.507335734814342,L1,-0.37...
GetData ===>> L2(CDD),2.73318966087792,H2,821.072247409885,H1,-0.074002370027001,AX,0.561374238121761,L1,-0.183...
14:33:18 -- collecting point 50
GetData ===>> L2(CDD),2.71729744498306,H2,821.537648661206,H1,-0.13513153053573,AX,0.481866409246587,L1,-0.2495...
GetData ===>> L2(CDD),2.73743808540358,H2,820.863595713896,H1,-0.0368863467008013,AX,0.529593264746687,L1,-0.25...
GetData ===>> L2(CDD),2.75836557380567,H2,821.009532779936,H1,-0.0155123849392569,AX,0.368180475095659,L1,-0.17...
GetData ===>> L2(CDD),2.74656434548175,H2,820.612957296482,H1,-0.211882208576703,AX,0.664067226595371,L1,-0.249...
GetData ===>> L2(CDD),2.71116086315811,H2,820.995467882372,H1,0.10067372350095,AX,0.346500221967753,L1,-0.25098...
GetDeflection L2 (CDD) ===>> 0
testing L2_CDD_==3250
evaluate ot="L2(CDD).deflection==3250" t="L2_CDD_==3250", ctx="{'L2_CDD_': 0.0}"
GetData ===>> L2(CDD),2.72075911055425,H2,820.491045921286,H1,0.202621033829936,AX,0.45008806055742,L1,-0.54545...
GetData ===>> L2(CDD),2.77347119534469,H2,820.112964231458,H1,-0.12421589314537,AX,0.51479309731186,L1,-0.26817...
GetData ===>> L2(CDD),2.7272104041461,H2,820.113957080814,H1,0.115499663977171,AX,0.525577692949755,L1,-0.07088...
GetData ===>> L2(CDD),2.72154585313482,H2,820.463257580845,H1,-0.0511353914265246,AX,0.471197027183717,L1,-0.41...
GetData ===>> L2(CDD),2.71179025574549,H2,820.719824646624,H1,0.227333672702714,AX,0.176516431538592,L1,-0.4652...
GetData ===>> L2(CDD),2.75175688178321,H2,820.075401952432,H1,-0.0235564046237418,AX,0.282265301651668,L1,-0.22...
GetData ===>> L2(CDD),2.74467615208422,H2,819.740034056407,H1,0.109523288465448,AX,0.383781382629433,L1,-0.4128...
GetData ===>> L2(CDD),2.75443182727826,H2,819.278890767283,H1,-0.0188449155187237,AX,0.275956746006212,L1,-0.45...
GetData ===>> L2(CDD),2.76906538334624,H2,819.841281143024,H1,-0.01321408127988,AX,0.624709848123335,L1,-0.3699...
GetData ===>> L2(CDD),2.74357470633496,H2,819.490918257986,H1,-0.062626403207647,AX,0.495518801770769,L1,-0.423...
GetDeflection L2 (CDD) ===>> 0
testing L2_CDD_==3250
evaluate ot="L2(CDD).deflection==3250" t="L2_CDD_==3250", ctx="{'L2_CDD_': 0.0}"
GetData ===>> L2(CDD),2.77410059744304,H2,819.672209256799,H1,0.0301099672131822,AX,0.340420661928775,L1,-0.227...
GetData ===>> L2(CDD),2.72516487093882,H2,819.384900463509,H1,0.147795718448231,AX,0.318282211191508,L1,-0.1160...
a-01-F-1706   air   NoIrradiation A:15 set to terminate after 80 counts
GetData ===>> L2(CDD),2.77709025872218,H2,819.849387846741,H1,0.0282712412659865,AX,0.458692203026306,L1,-0.360...
GetData ===>> L2(CDD),2.72170320166895,H2,819.427736631615,H1,-0.0458494800386885,AX,0.447105309119629,L1,-0.37...
GetData ===>> L2(CDD),2.73020003142822,H2,818.475068313525,H1,0.136877002540811,AX,0.414754521867804,L1,-0.1029...
GetData ===>> L2(CDD),2.70864329376926,H2,818.631927568423,H1,-0.199014257562742,AX,0.231798014155279,L1,-0.333...
GetData ===>> L2(CDD),2.71682539990306,H2,818.874110768101,H1,0.0630927091882671,AX,0.374145498120629,L1,-0.327...
GetData ===>> L2(CDD),2.72563691697351,H2,818.829969109906,H1,-0.00528489161951884,AX,0.387566935076947,L1,-0.2...
GetData ===>> L2(CDD),2.72846919431649,H2,818.607794221027,H1,-0.206597178042912,AX,0.41876963140366,L1,-0.2401...
GetData ===>> L2(CDD),2.74357470633496,H2,818.57870252465,H1,-0.158800804105523,AX,0.38297838856955,L1,-0.42654...
GetDeflection L2 (CDD) ===>> 0
testing L2_CDD_==3250
evaluate ot="L2(CDD).deflection==3250" t="L2_CDD_==3250", ctx="{'L2_CDD_': 0.0}"
14:33:44 -- collecting point 75
GetData ===>> L2(CDD),2.74750844250475,H2,818.399372298867,H1,-0.053663425763545,AX,0.336520587027028,L1,-0.276...
GetData ===>> L2(CDD),2.68346768442146,H2,818.323126681979,H1,-0.0945706967170903,AX,0.6270046948232,L1,-0.4497...
GetData ===>> L2(CDD),2.74388940509044,H2,817.680140177935,H1,-0.159949783185968,AX,0.252443402852412,L1,-0.167...
GetData ===>> L2(CDD),2.72925593836812,H2,817.39800801015,H1,-0.0812415517852662,AX,0.58891094787515,L1,-0.2139...
GetData ===>> L2(CDD),2.7352351980661,H2,817.608568705983,H1,-0.109508312677978,AX,0.145895012648762,L1,-0.3530...
GetData ===>> L2(CDD),2.68315299027731,H2,817.515680062799,H1,0.219402570780346,AX,0.539345437416827,L1,-0.1087...
14:33:51 -- user termination. measurement iteration executed 80/400 counts
state changed from measurement to truncated
measurement finished
estimated time: 419.430 actual time: :84.237
flush and close file /Users/obama/PychronDev/data/isotopes/b9/69a340-3e87-4660-8311-b9ad79a2ad08.h5
baselines () {'settling_time': 15.0, 'detector': 'H2', 'mass': 39.862, 'ncounts': 120}
%%%%%%%%%%%%%%%%%%%%%%%%%%%%%%%% Baseline
build tables- baseline [Detector(H2), Detector(H1), Detector(AX), Detector(L1), Detector(L2(CDD))]
add group baseline table H2
add group baseline table H1
add group baseline table AX
add group baseline table L1
add group baseline table L2(CDD)
flush and close file /Users/obama/PychronDev/data/isotopes/b9/69a340-3e87-4660-8311-b9ad79a2ad08.h5
detector Detector(H2)
POSITION 39.862 H2
Mapping mass to dac mass func: "parabolic"
H2 map mass coeffs = [ -2.38925034e-04   8.80081338e-02   3.57375459e-01]
H2 map mass to dac 39.862 >> 3.48590881693
GetHighVoltage ===>> 9000
positioning 39.862 (3.48590881693) on H2
setting magnet DAC
current  : 3.492830
requested: 3.485909
Delta Dac: 0.006921
Checking detector protection. dv=0.00692
SetMagnetDAC 3.48590881693 ===>> OK
Magnet settling time: 0.500
Delaying 15.0s for detectors to settle
Join finished
measuring baseline. ncounts=120
"baseline" increment series count="2" fit count="1" regressing="True"
starting measurement
GetData ===>> L2(CDD),0,H2,-0.154956149969275,H1,-0.0474582387448185,AX,0.0793799311694152,L1,-0.23910063380409...
GetData ===>> L2(CDD),0,H2,-0.111720124531213,H1,-0.0268889074127465,AX,-0.0551270391967318,L1,-0.4233158488838...
GetData ===>> L2(CDD),0,H2,-0.0315361289851298,H1,-0.18223970651255,AX,0.0622931782139359,L1,-0.370719462996575...
GetData ===>> L2(CDD),0,H2,0.101457925342493,H1,0.177794089911356,AX,-0.152698762197155,L1,-0.301855401230193,L...
GetData ===>> L2(CDD),0,H2,-0.0237271618856684,H1,-0.175460866812151,AX,0.0919945071882416,L1,-0.46910467385634...
GetData ===>> L2(CDD),0,H2,-0.115799076506173,H1,-0.0548125300900275,AX,-0.226988810414365,L1,-0.33138564904122...
GetData ===>> L2(CDD),0,H2,0.10157449247996,H1,0.0298801262777724,AX,-0.136991644089818,L1,-0.405091986066553,L...
GetData ===>> L2(CDD),0,H2,0.0921325993506445,H1,0.0628628603941967,AX,-0.191220243847047,L1,-0.230794550946028...
a-01-F-1706   air   NoIrradiation A:15 set to terminate after 20 counts
GetData ===>> L2(CDD),0,H2,-0.079903715303462,H1,-0.189478075967633,AX,-0.17241828473009,L1,-0.37983176081164,L...
GetData ===>> L2(CDD),0,H2,-0.119994552219238,H1,-0.00195231419273426,AX,-0.316404410575917,L1,-0.1528061864712...
GetData ===>> L2(CDD),0,H2,-0.14108819907298,H1,-0.104567434540742,AX,-0.304138916099155,L1,-0.418240883576451,...
GetData ===>> L2(CDD),0,H2,0.0629915286168271,H1,-0.157077332918182,AX,0.141536987279797,L1,-0.442346731843814,...
GetData ===>> L2(CDD),0,H2,0.0193981076070387,H1,-0.109048697174728,AX,-0.431486107663475,L1,-0.17541884412407,...
GetData ===>> L2(CDD),0,H2,0.000749109088607149,H1,-0.216592754860973,AX,0.161951065859414,L1,-0.44303875690202...
GetDeflection L2 (CDD) ===>> 0
testing L2_CDD_==3250
evaluate ot="L2(CDD).deflection==3250" t="L2_CDD_==3250", ctx="{'L2_CDD_': 0.0}"
GetData ===>> L2(CDD),0.000157244698251559,H2,-0.106708817388909,H1,-0.0412530118078582,AX,-0.0281812832252949,...
GetData ===>> L2(CDD),0,H2,-0.0317692315222674,H1,0.0859629380105311,AX,-0.0590255116303747,L1,-0.1808411886294...
GetData ===>> L2(CDD),0,H2,0.0376977830313099,H1,-0.118585673990577,AX,-0.0154534510407441,L1,-0.26897887044444...
GetData ===>> L2(CDD),0,H2,0.0683534204577429,H1,0.127682390261021,AX,-0.166915202811233,L1,-0.569901659244856,...
GetData ===>> L2(CDD),0,H2,0.125004769118958,H1,-0.0922725814215511,AX,-0.278117209202429,L1,-0.34684252900265,...
GetData ===>> L2(CDD),0,H2,-0.0292051005574399,H1,-0.0273485620664034,AX,-0.0161414462728679,L1,-0.313967525890...
14:34:28 -- user termination. measurement iteration executed 20/120 counts
measurement finished
estimated time: 125.829 actual time: :21.122
flush and close file /Users/obama/PychronDev/data/isotopes/b9/69a340-3e87-4660-8311-b9ad79a2ad08.h5
activate_detectors ('H1', 'L2(CDD)') {'peak_center': True}
peak_center () {'detector': 'H2', 'integration_time': 1.048576, 'isotope': 'Ar40'}
peak center: mean=818.181547256 threshold=100.0
peak center started
setup peak center. detector=['H2', 'H1', 'L2(CDD)'], isotope=Ar40
VersionedUnpickler [<apptools.sweet_pickle.versioned_unpickler.VersionedUnpickler object at 0x137fb8e90>] using Updater [<apptools.sweet_pickle.updater.Updater object at 0x11f301e30>]
VersionedUnpickler [<apptools.sweet_pickle.versioned_unpickler.VersionedUnpickler object at 0x137fb8e90>] using Updater [<apptools.sweet_pickle.updater.Updater object at 0x11f301e30>]
VersionedUnpickler [<apptools.sweet_pickle.versioned_unpickler.VersionedUnpickler object at 0x128e51f50>] using Updater [<apptools.sweet_pickle.updater.Updater object at 0x11f301e30>]
setting integration time = 0.524288
SetIntegrationTime 0.524288 ===>> OK
Mapping mass to dac mass func: "parabolic"
H2 map mass coeffs = [ -2.38925034e-04   8.80081338e-02   3.57375459e-01]
H2 map mass to dac 39.9624 >> 3.49283
GetHighVoltage ===>> 9000
do peak center. <pychron.spectrometer.jobs.peak_center.PeakCenter object at 0x11f301bf0>
doing pc
starting peak center. center dac= 3.49283 step_width=0.0001
width = 0.0001
get scan parameters. half-width=0.002,window=0.002, i=0, scalar=1
Scan parameters center=3.49283 width=0.00400 (3.49083 - 3.49483)
GetData ===>> L2(CDD),0,H2,0.113231276378115,H1,0.0478078836691762,AX,-0.181475371869889,L1,-0.395403210463926,...
Moving to starting dac 3.49083
setting magnet DAC
current  : 3.485909
requested: 3.490830
Delta Dac: 0.004921
Checking detector protection. dv=0.00492
SetMagnetDAC 3.49083 ===>> OK
Magnet settling time: 0.500
Wait until signal near baseline. tol= 0.0849234572836. timeout= 10
GetData ===>> L2(CDD),0,H2,0.155429995723937,H1,0.0144434777467692,AX,0.252659034804624,L1,-0.35173714153518,L2...
GetData ===>> L2(CDD),0,H2,0.328207272322929,H1,-0.379501129754103,AX,0.129140424417193,L1,-0.651079910873542,L...
GetData ===>> L2(CDD),0,H2,0.328207272322929,H1,-0.379501129754103,AX,0.129140424417193,L1,-0.651079910873542,L...
GetData ===>> L2(CDD),0,H2,0.591512299624705,H1,-0.0925527329128696,AX,-0.345307782082436,L1,-0.538405159314142...
GetData ===>> L2(CDD),0.000628978828996695,H2,0.643995198584312,H1,0.221581455280674,AX,-0.0319370263038927,L1,...
GetData ===>> L2(CDD),0,H2,0.406095267163117,H1,0.0518719928010341,AX,-0.109602009755225,L1,-0.199841171756622,...
GetData ===>> L2(CDD),0,H2,0.472561483556351,H1,-0.255549896162869,AX,0.0656685660389512,L1,-0.28166973108305,L...
GetData ===>> L2(CDD),0,H2,0.273875905639895,H1,-0.177727926204932,AX,-0.11120564543318,L1,-0.581495007736836,L...
GetData ===>> L2(CDD),0.000314489402501528,H2,0.547428839975992,H1,-0.0385968998232868,AX,0.113558497517723,L1,...
GetData ===>> L2(CDD),0,H2,0.559790667947387,H1,-0.0209170980219121,AX,-0.178555930957727,L1,-0.387229881543041...
GetData ===>> L2(CDD),0,H2,0.664056072517766,H1,0.0780498541079512,AX,-0.0559932221678203,L1,-0.341365640668053...
GetData ===>> L2(CDD),0.000314489402501528,H2,0.899330161727141,H1,-0.0776290810278694,AX,0.116766520669341,L1,...
GetData ===>> L2(CDD),0,H2,0.485155591305547,H1,-0.16441262380434,AX,-0.118078339500301,L1,-0.171718210868346,L...
GetData ===>> L2(CDD),0,H2,0.559790667947387,H1,0.109510153614935,AX,-0.462566503373468,L1,-0.556839553828473,L...
GetData ===>> L2(CDD),0.000314489402501528,H2,0.679685177946684,H1,0.201830239838566,AX,-0.112122007478212,L1,-...
GetData ===>> L2(CDD),0.000314489402501528,H2,0.251491327554108,H1,-0.073037141687732,AX,-0.028729488088889,L1,...
GetData ===>> L2(CDD),0,H2,0.496350489849873,H1,0.118695836039488,AX,0.0707094992441124,L1,-0.602924004309578,L...
GetData ===>> L2(CDD),0,H2,0.523172122040529,H1,-0.0976037627890755,AX,-0.342788394937271,L1,-0.305640731640336...
GetData ===>> L2(CDD),0.000314489402501528,H2,0.651926192607105,H1,0.1028505885511,AX,-0.745806449454507,L1,-0....
GetData ===>> L2(CDD),0.000314489402501528,H2,0.313050149816469,H1,-0.142602679648161,AX,-0.151524749971101,L1,...
GetData ===>> L2(CDD),0,H2,0.491919160525663,H1,-0.278964127307837,AX,-0.157251758487876,L1,-0.423182239581051,...
Peak center failed to move to a baseline position
_do_sweep sm= 3.49083, em= 3.49483, stm= 0.0001
calculated step values: start=3.49083, end=3.49483, width=0.0001, nsteps=41.0
setting magnet DAC
current  : 3.490830
requested: 3.490830
Delta Dac: 0.000000
Checking detector protection. dv=0.00000
GetData ===>> L2(CDD),0,H2,0.491919160525663,H1,-0.278964127307837,AX,-0.157251758487876,L1,-0.423182239581051,...
setting magnet DAC
current  : 3.490830
requested: 3.490933
Delta Dac: 0.000103
Checking detector protection. dv=0.00010
Magnet settling time: 1.049
GetData ===>> L2(CDD),0,H2,1.69353746010668,H1,-0.229839497407899,AX,0.119057972324116,L1,-0.097257574886689,L2...
setting magnet DAC
current  : 3.490933
requested: 3.491035
Delta Dac: 0.000103
Checking detector protection. dv=0.00010
Magnet settling time: 1.049
GetData ===>> L2(CDD),0,H2,7.90470007718391,H1,-0.176580062548475,AX,0.058336346690119,L1,-0.016105097686034,L2...
setting magnet DAC
current  : 3.491035
requested: 3.491138
Delta Dac: 0.000103
Checking detector protection. dv=0.00010
Magnet settling time: 1.049
GetData ===>> L2(CDD),0,H2,28.0928727015089,H1,0.0399314498807366,AX,0.22492898734486,L1,-0.540018182848646,L2,...
setting magnet DAC
current  : 3.491138
requested: 3.491240
Delta Dac: 0.000103
Checking detector protection. dv=0.00010
Magnet settling time: 1.049
GetData ===>> L2(CDD),0.000628978828996695,H2,76.1749660456813,H1,-0.286768744708958,AX,-0.232845076837355,L1,-...
setting magnet DAC
current  : 3.491240
requested: 3.491343
Delta Dac: 0.000103
Checking detector protection. dv=0.00010
Magnet settling time: 1.049
GetData ===>> L2(CDD),0.000943468279485503,H2,157.364771384569,H1,-0.223182228881119,AX,-0.140070630689782,L1,-...
setting magnet DAC
current  : 3.491343
requested: 3.491445
Delta Dac: 0.000103
Checking detector protection. dv=0.00010
Magnet settling time: 1.049
GetData ===>> L2(CDD),0,H2,271.347786157582,H1,-0.143980164395487,AX,-0.0850889603473893,L1,-0.317165039879242,...
setting magnet DAC
current  : 3.491445
requested: 3.491548
Delta Dac: 0.000103
Checking detector protection. dv=0.00010
Magnet settling time: 1.049
GetData ===>> L2(CDD),0.000628978828996695,H2,390.697999100095,H1,0.0341908568571626,AX,0.184366637919994,L1,0....
setting magnet DAC
current  : 3.491548
requested: 3.491651
Delta Dac: 0.000103
Checking detector protection. dv=0.00010
Magnet settling time: 1.049
GetData ===>> L2(CDD),0.00157244725244406,H2,505.430520559694,H1,-0.0335455609458837,AX,0.195595591795593,L1,-0...
setting magnet DAC
current  : 3.491651
requested: 3.491753
Delta Dac: 0.000103
Checking detector protection. dv=0.00010
Magnet settling time: 1.049
GetData ===>> L2(CDD),0.00597530275044398,H2,662.144020572764,H1,-0.0434186077114051,AX,0.198574723995896,L1,-0...
setting magnet DAC
current  : 3.491753
requested: 3.491856
Delta Dac: 0.000103
Checking detector protection. dv=0.00010
Magnet settling time: 1.049
GetData ===>> L2(CDD),0.0298766003696238,H2,731.036956557399,H1,0.0335019879901715,AX,0.414700987186942,L1,-0.2...
setting magnet DAC
current  : 3.491856
requested: 3.491958
Delta Dac: 0.000103
Checking detector protection. dv=0.00010
Magnet settling time: 1.049
GetData ===>> L2(CDD),0.0965493735863042,H2,770.616979824267,H1,0.0640423136430607,AX,0.614139417738523,L1,-0.4...
setting magnet DAC
current  : 3.491958
requested: 3.492061
Delta Dac: 0.000103
Checking detector protection. dv=0.00010
Magnet settling time: 1.049
GetData ===>> L2(CDD),0.300348309728712,H2,790.443850220925,H1,-0.228232574729284,AX,0.474298947984426,L1,-0.60...
setting magnet DAC
current  : 3.492061
requested: 3.492163
Delta Dac: 0.000103
Checking detector protection. dv=0.00010
Magnet settling time: 1.049
GetData ===>> L2(CDD),0.656706154596229,H2,799.835377666555,H1,-0.126302294098076,AX,0.44587484490065,L1,-0.327...
setting magnet DAC
current  : 3.492163
requested: 3.492266
Delta Dac: 0.000103
Checking detector protection. dv=0.00010
Magnet settling time: 1.049
GetData ===>> L2(CDD),1.17887478506136,H2,804.766051297932,H1,0.365364116150942,AX,0.327832107227588,L1,-0.0437...
setting magnet DAC
current  : 3.492266
requested: 3.492368
Delta Dac: 0.000103
Checking detector protection. dv=0.00010
Magnet settling time: 1.049
GetData ===>> L2(CDD),1.76560699883291,H2,807.411061609251,H1,-0.0335455609458837,AX,0.558888542462754,L1,-0.26...
setting magnet DAC
current  : 3.492368
requested: 3.492471
Delta Dac: 0.000103
Checking detector protection. dv=0.00010
Magnet settling time: 1.049
GetData ===>> L2(CDD),2.251729905662,H2,808.513862760813,H1,0.0886130519372182,AX,0.354419111335292,L1,-0.46351...
setting magnet DAC
current  : 3.492471
requested: 3.492574
Delta Dac: 0.000103
Checking detector protection. dv=0.00010
Magnet settling time: 1.049
GetData ===>> L2(CDD),2.51762719917616,H2,809.94361599212,H1,0.00732533556321753,AX,0.164888151103117,L1,-0.344...
setting magnet DAC
current  : 3.492574
requested: 3.492676
Delta Dac: 0.000103
Checking detector protection. dv=0.00010
Magnet settling time: 1.049
GetData ===>> L2(CDD),2.64885147254637,H2,809.93636882381,H1,-0.221804857242418,AX,0.224012305202153,L1,-0.3934...
setting magnet DAC
current  : 3.492676
requested: 3.492779
Delta Dac: 0.000103
Checking detector protection. dv=0.00010
Magnet settling time: 1.049
GetData ===>> L2(CDD),2.68944687772362,H2,810.141280678305,H1,0.347217838447079,AX,0.463754424722921,L1,-0.4381...
setting magnet DAC
current  : 3.492779
requested: 3.492881
Delta Dac: 0.000103
Checking detector protection. dv=0.00010
Magnet settling time: 1.049
GetData ===>> L2(CDD),2.66962116479884,H2,809.40545234659,H1,-0.261288730892012,AX,0.228595724645482,L1,-0.3132...
setting magnet DAC
current  : 3.492881
requested: 3.492984
Delta Dac: 0.000103
Checking detector protection. dv=0.00010
Magnet settling time: 1.049
GetData ===>> L2(CDD),2.6803207440607,H2,809.283620620704,H1,0.0945836062242028,AX,0.54352890391902,L1,-0.51835...
setting magnet DAC
current  : 3.492984
requested: 3.493086
Delta Dac: 0.000103
Checking detector protection. dv=0.00010
Magnet settling time: 1.049
GetData ===>> L2(CDD),2.58308147059175,H2,809.858958258766,H1,0.102391309896496,AX,0.747809213977584,L1,-0.1269...
setting magnet DAC
current  : 3.493086
requested: 3.493189
Delta Dac: 0.000103
Checking detector protection. dv=0.00010
Magnet settling time: 1.049
GetData ===>> L2(CDD),2.24386338298305,H2,809.872793020502,H1,-0.214688405772502,AX,0.229283239444382,L1,-0.710...
setting magnet DAC
current  : 3.493189
requested: 3.493292
Delta Dac: 0.000103
Checking detector protection. dv=0.00010
Magnet settling time: 1.049
GetData ===>> L2(CDD),1.76340463065076,H2,808.472673066505,H1,0.163017982928013,AX,0.160763345647616,L1,-0.2523...
setting magnet DAC
current  : 3.493292
requested: 3.493394
Delta Dac: 0.000103
Checking detector protection. dv=0.00010
Magnet settling time: 1.049
GetData ===>> L2(CDD),1.17541441379621,H2,809.407098794773,H1,0.211935462335517,AX,0.306746384744801,L1,-0.4466...
setting magnet DAC
current  : 3.493394
requested: 3.493497
Delta Dac: 0.000103
Checking detector protection. dv=0.00010
Magnet settling time: 1.049
GetData ===>> L2(CDD),0.684071181504869,H2,808.450266388222,H1,-0.139158959173282,AX,0.365191641013191,L1,-0.11...
setting magnet DAC
current  : 3.493497
requested: 3.493599
Delta Dac: 0.000103
Checking detector protection. dv=0.00010
Magnet settling time: 1.049
GetData ===>> L2(CDD),0.328025485542346,H2,803.577286324479,H1,0.0789683884577528,AX,0.198116395364597,L1,-0.41...
setting magnet DAC
current  : 3.493599
requested: 3.493702
Delta Dac: 0.000103
Checking detector protection. dv=0.00010
Magnet settling time: 1.049
GetData ===>> L2(CDD),0.152530176398551,H2,787.274840241659,H1,0.0589904637102027,AX,0.188949868577398,L1,-0.31...
setting magnet DAC
current  : 3.493702
requested: 3.493804
Delta Dac: 0.000103
Checking detector protection. dv=0.00010
Magnet settling time: 1.049
GetData ===>> L2(CDD),0.093404407219223,H2,748.781210445106,H1,-0.278045932873063,AX,0.294370197538172,L1,-0.35...
setting magnet DAC
current  : 3.493804
requested: 3.493907
Delta Dac: 0.000103
Checking detector protection. dv=0.00010
Magnet settling time: 1.049
GetData ===>> L2(CDD),0.0550360107433336,H2,680.221032014426,H1,-0.137092720986497,AX,0.0977476824870336,L1,-0....
setting magnet DAC
current  : 3.493907
requested: 3.494009
Delta Dac: 0.000103
Checking detector protection. dv=0.00010
Magnet settling time: 1.049
GetData ===>> L2(CDD),0.0283041423199847,H2,513.663454252194,H1,0.22939018687764,AX,0.269159938037759,L1,-0.537...
setting magnet DAC
current  : 3.494009
requested: 3.494112
Delta Dac: 0.000103
Checking detector protection. dv=0.00010
Magnet settling time: 1.049
GetData ===>> L2(CDD),0.0147810278547402,H2,384.250747253754,H1,0.156817352817534,AX,-0.0873799259945754,L1,-0....
setting magnet DAC
current  : 3.494112
requested: 3.494215
Delta Dac: 0.000103
Checking detector protection. dv=0.00010
Magnet settling time: 1.049
GetData ===>> L2(CDD),0.00628979260882512,H2,258.211793812187,H1,-0.303755046622839,AX,0.322102245631967,L1,-0....
setting magnet DAC
current  : 3.494215
requested: 3.494317
Delta Dac: 0.000103
Checking detector protection. dv=0.00010
Magnet settling time: 1.049
GetData ===>> L2(CDD),0.00220142632137721,H2,153.617565139364,H1,0.272569020252335,AX,-0.160458868370368,L1,-0....
setting magnet DAC
current  : 3.494317
requested: 3.494420
Delta Dac: 0.000103
Checking detector protection. dv=0.00010
Magnet settling time: 1.049
GetData ===>> L2(CDD),0.00220142632137721,H2,83.4349554621196,H1,0.061975644563572,AX,-0.343246465817994,L1,-0....
setting magnet DAC
current  : 3.494420
requested: 3.494522
Delta Dac: 0.000103
Checking detector protection. dv=0.00010
Magnet settling time: 1.049
GetData ===>> L2(CDD),0.00125795775396796,H2,43.2272662764386,H1,0.0268429476364331,AX,0.118370536254731,L1,-0....
setting magnet DAC
current  : 3.494522
requested: 3.494625
Delta Dac: 0.000103
Checking detector protection. dv=0.00010
Magnet settling time: 1.049
GetData ===>> L2(CDD),0.0040883641040245,H2,21.8783224311343,H1,-0.153852080849869,AX,-0.0326243545310539,L1,-0...
setting magnet DAC
current  : 3.494625
requested: 3.494727
Delta Dac: 0.000103
Checking detector protection. dv=0.00010
Magnet settling time: 1.049
GetData ===>> L2(CDD),0.00314489510472937,H2,10.9866275510127,H1,-0.0124214935769758,AX,0.191241492090042,L1,-0...
setting magnet DAC
current  : 3.494727
requested: 3.494830
Delta Dac: 0.000103
Checking detector protection. dv=0.00010
Magnet settling time: 1.049
GetData ===>> L2(CDD),0.00880571233964735,H2,5.76896651683222,H1,0.16577383132565,AX,-0.126096420544726,L1,-0.0...
result of _do_sweep=True
result of _calculate_peak_center=([3.4917077555110216, 3.4928340080160316, 3.4939602605210416], [596.49456876563249, 810.15422078191204, 597.62598364157361], 3.4927618637274547, 810.15422078191204)
Failed to find a valid peak. No peak greater than 1.0. max = 0.36517965072
new center pos Detector(H2) (Ar40) @ 3.49283400802
GetHighVoltage ===>> 9000
dac uncorrected for HV and deflection 3.49283400802
update mftable H2 Ar40 3.49283400802 message=automated run peakcenter
get initial guess parabolic
get initial guess parabolic
get initial guess parabolic
get initial guess parabolic
get initial guess parabolic
get initial guess parabolic
dump mftable to /Users/obama/PychronDev/setupfiles/spectrometer/mftables/argon.csv
add to repo msg=modified - automated run peakcenter
sweep finished
locally archiving mftable
setting magnet DAC
current  : 3.494830
requested: 3.492834
Delta Dac: 0.001996
Checking detector protection. dv=0.00200
SetMagnetDAC 3.49283400802 ===>> OK
Magnet settling time: 0.500
setting integration time = 1.048576
SetIntegrationTime 1.048576 ===>> OK
Failed to find a valid peak. No peak greater than 1.0. max = 0.36517965072
flush and close file /Users/obama/PychronDev/data/isotopes/b9/69a340-3e87-4660-8311-b9ad79a2ad08.h5
finished measure script
executed snippet estimated_duration=655.442112, duration=214.015588999
felix_analysis400_120.py completed successfully
Measurement Finished
14:35:23 -- ******* Measurement Finished *******
Post Measurement Started felix_pump_ms.py
14:35:23 -- ******* Post Measurement Started felix_pump_ms.py *******
testing...
no interpolation path defined
executed snippet estimated_duration=0, duration=3.19480895996e-05
Pumping spectrometer
open () {'name': 'V'}
opening name=V desc=---
checking ownership. requestor=129.138.12.137
check software interlocks V
interlocks []
actuate state mode=None-script, software_lock=False
doing actuation None-script open_channel True
Open V ===>> OK
GetIndicatorState V ===>> OK
change switch state (True, True)
update switch state V True args=() kw={} ncanvase=4
14:35:23 -- OPEN   VALVE-V (Felix Ion Pump)
---------------------------------------- open V () result=[(True, True)], time=0.10 sec
action=open, ok=True, locked=[False]
executed snippet estimated_duration=0, duration=0.356862783432
felix_pump_ms.py completed successfully
setting _ms_pumptime
Post Measurement Finished
14:35:23 -- ******* Post Measurement Finished *******
$$$$$$$$$$$$$$$$$$$$ state at run end truncated
post measurement save measured=True aborted=False
Set filtering
setting fod for Ar40= {'filter_outliers': True, 'std_devs': 2, 'iterations': 2}
setting fod for H2= {'filter_outliers': True, 'std_devs': 2, 'iterations': 1}
setting fod for Ar36= {'filter_outliers': True, 'std_devs': 2, 'iterations': 2}
setting fod for L2(CDD)= {'filter_outliers': True, 'std_devs': 2, 'iterations': 1}
setting fod for Ar37= {'filter_outliers': True, 'std_devs': 2, 'iterations': 2}
setting fod for L1= {'filter_outliers': True, 'std_devs': 2, 'iterations': 1}
setting fod for Ar38= {'filter_outliers': True, 'std_devs': 2, 'iterations': 2}
setting fod for AX= {'filter_outliers': True, 'std_devs': 2, 'iterations': 1}
setting fod for Ar39= {'filter_outliers': True, 'std_devs': 2, 'iterations': 2}
setting fod for H1= {'filter_outliers': True, 'std_devs': 2, 'iterations': 1}
persistence save...
persistence save - db
post measurement save
4920024336 connecting to database sqlite:////Users/obama/PychronDev/.appdata/local_lab.db
connected to db sqlite:////Users/obama/PychronDev/.appdata/local_lab.db
create new session 4920024336
close session 4920024336
No database instance. Not saving post measurement to isotopedb database
$$$$$$$$$$$$$$$ auto_save_detector_ic=False
massspec enabled True
create new session 4762693072
MassSpec Database Version: 16.0
close session 4762693072
saving post measurement to secondary database
saving to massspec database 129.138.12.160/massspecdata
setting labnumber to a-01-F
setting aliquot to 1706
setting step to 
setting uuid to b969a340-3e87-4660-8311-b9ad79a2ad08
setting irradpos to a-01-F
setting extract_device to NMGRL Furnace
setting tray to 
setting position to 
setting power_requested to 0.0
setting extract_value to 0.0
setting duration to 0.0
setting duration_at_request to 0.0
setting first_stage_delay to 0.0
setting cleanup to 0.0
setting comment to 
setting irradiation to NoIrradiation
setting level to A
setting irradiation_level to A
setting sample to air
setting material to Gas
setting project to REFERENCES
setting mass_spectrometer to Felix
no attribute chron_dosages
no attribute production_ratios
no attribute interference_corrections
no attribute production_name
no attribute j
Reference Isotope=Ar40
Reference Detector=H2
%%%%%%%%%%%%%%%%%%%% Comment:  %%%%%%%%%%%%%%%%%%%
adding isotope Ar40 H2
add baseline dbdet= Ar40. original det= H2
get baseline data Ar40 H2
Get data baseline <pychron.processing.isotope.Baseline object at 0x136270950> len t=20
baseline Ar40. v=-0.0168524261424, e=0.0201886888992
get signal data Ar40 H2
Get data signal Ar40 829.35+/-0.33 len t=80
adding isotope Ar39 H1
add baseline dbdet= Ar39. original det= H1
get baseline data Ar39 H1
Get data baseline <pychron.processing.isotope.Baseline object at 0x123661a90> len t=20
baseline Ar39. v=-0.0651920196616, e=0.0224981158962
get signal data Ar39 H1
Get data signal Ar39 -0.00+/-0.15 len t=80
adding isotope Ar38 AX
add baseline dbdet= Ar38. original det= AX
get baseline data Ar38 AX
Get data baseline <pychron.processing.isotope.Baseline object at 0x1224eed10> len t=20
baseline Ar38. v=-0.0832982392433, e=0.0341398723307
get signal data Ar38 AX
Get data signal Ar38 0.51+/-0.04 len t=80
adding isotope Ar37 L1
add baseline dbdet= Ar37. original det= L1
get baseline data Ar37 L1
Get data baseline <pychron.processing.isotope.Baseline object at 0x12f377790> len t=20
baseline Ar37. v=-0.333232352807, e=0.0231405604516
get signal data Ar37 L1
Get data signal Ar37 0.01+/-0.04 len t=80
adding isotope Ar36 L2(CDD)
add baseline dbdet= Ar36. original det= L2(CDD)
get baseline data Ar36 L2(CDD)
Get data baseline <pychron.processing.isotope.Baseline object at 0x12d2a7250> len t=20
baseline Ar36. v=0.0, e=0.0
get signal data Ar36 L2(CDD)
Get data signal Ar36 2.792+/-0.019 len t=80
a-01-F-1706 added analysis time 0.59992480278s
analysis added to mass spec database
mass spec save time= 0.621
persistence save - dvc
================= post measurement started
create new session 4664570896
close session 4664570896
---------------- Experiment Queue saving disabled
DVC saving peakcenter
Failed to find a valid peak. No peak greater than 1.0. max = 0.36517965072
Smart pull ahead: 0 behind: 0
Up-to-date with origin
add to repo msg=modified - 1e2ad98a77a0f8b97e0df49be2474708cb221738.json
add to repo msg=modified - -F-1706.json
add to repo msg=modified - -F-1706.dat.json
add to repo msg=modified - -F-1706.blan.json
add to repo msg=modified - -F-1706.inte.json
add to repo msg=modified - -F-1706.icfa.json
add to repo msg=modified - -F-1706.base.json
not at valid file /Users/obama/PychronDev/data/.dvc/repositories/Felix_air170/a-01/tags/-F-1706.tags.json
add to repo msg=modified - -F-1706.peak.json
a-01-F-1706   air   NoIrradiation A:15 set to terminate after 20 counts
len selected runs 1
cloning run a-01-F-00. set_labnumber=True, set_position=True
labnumber changed old:, new:a-01-F
load meta for a-01-F
create new session 4693116592
close session 4693116592
calculating time of run a-01-F-00
loading script "felix_analysis400_120.py"
loading script "felix_pump_ms.py"
loading script "felix_air_x2.py"
loading script "felix_pump_extraction_line.py"
testing...
no interpolation path defined
executed snippet estimated_duration=624.242112, duration=0.000284910202026
script duration name:analysis400_120 seconds:624.0
loading script "felix_analysis400_120.py"
loading script "felix_pump_ms.py"
loading script "felix_air_x2.py"
loading script "felix_pump_extraction_line.py"
testing...
no interpolation path defined
executed snippet estimated_duration=0, duration=3.09944152832e-05
loading script "felix_analysis400_120.py"
loading script "felix_pump_ms.py"
loading script "felix_air_x2.py"
loading script "felix_pump_extraction_line.py"
testing...
no interpolation path defined
calculate duration
testing...
no interpolation path defined
executed snippet estimated_duration=0, duration=8.39233398438e-05
calculate duration
testing...
no interpolation path defined
executed snippet estimated_duration=0, duration=0.000189065933228
calculate duration
testing...
no interpolation path defined
executed snippet estimated_duration=32.0, duration=0.000160932540894
calculate duration
testing...
no interpolation path defined
executed snippet estimated_duration=34.0, duration=0.000185966491699
calculate duration
testing...
no interpolation path defined
executed snippet estimated_duration=2.0, duration=0.000115871429443
calculate duration
testing...
no interpolation path defined
executed snippet estimated_duration=34.0, duration=0.000125885009766
calculate duration
testing...
no interpolation path defined
executed snippet estimated_duration=34.0, duration=0.00018310546875
calculate duration
testing...
no interpolation path defined
executed snippet estimated_duration=34.0, duration=0.000112056732178
executed snippet estimated_duration=174.0, duration=0.0155251026154
script duration name:air_x2 seconds:174.0
loading script "felix_analysis400_120.py"
loading script "felix_pump_ms.py"
loading script "felix_air_x2.py"
loading script "felix_pump_extraction_line.py"
testing...
no interpolation path defined
calculate duration
testing...
no interpolation path defined
executed snippet estimated_duration=4.0, duration=0.00031590461731
executed snippet estimated_duration=4.0, duration=0.00223898887634
Script duration 798.0
Run total estimated duration= 799.000
analysis400_120 in script context. using previous estimated duration
script duration name:analysis400_120 seconds:624.0
pump_ms in script context. using previous estimated duration
air_x2 in script context. using previous estimated duration
script duration name:air_x2 seconds:174.0
pump_extraction_line in script context. using previous estimated duration
Script duration 798.0
Run total estimated duration= 799.000
script duration name:analysis400_120 seconds:624.0
script duration name:air_x2 seconds:174.0
Script duration 798.0
Run total estimated duration= 799.000
script duration name:analysis400_120 seconds:624.0
loading script "felix_analysis400_120.py"
loading script "felix_pump_ms.py"
loading script "felix_cocktail_x3.py"
loading script "felix_pump_extraction_line.py"
testing...
no interpolation path defined
calculate duration
testing...
no interpolation path defined
executed snippet estimated_duration=0, duration=7.00950622559e-05
calculate duration
testing...
no interpolation path defined
executed snippet estimated_duration=0, duration=0.000194787979126
calculate duration
testing...
no interpolation path defined
executed snippet estimated_duration=32.0, duration=0.000131130218506
calculate duration
testing...
no interpolation path defined
executed snippet estimated_duration=34.0, duration=0.00018310546875
calculate duration
testing...
no interpolation path defined
executed snippet estimated_duration=2.0, duration=9.89437103271e-05
calculate duration
testing...
no interpolation path defined
executed snippet estimated_duration=34.0, duration=0.000125169754028
calculate duration
testing...
no interpolation path defined
executed snippet estimated_duration=34.0, duration=0.000159025192261
calculate duration
testing...
no interpolation path defined
executed snippet estimated_duration=34.0, duration=0.000134944915771
calculate duration
testing...
no interpolation path defined
executed snippet estimated_duration=34.0, duration=0.000205039978027
calculate duration
testing...
no interpolation path defined
executed snippet estimated_duration=34.0, duration=0.000131130218506
executed snippet estimated_duration=244.0, duration=0.0204920768738
script duration name:cocktail_x3 seconds:244.0
Script duration 868.0
Run total estimated duration= 869.000
script duration name:analysis400_120 seconds:624.0
cocktail_x3 in script context. using previous estimated duration
script duration name:cocktail_x3 seconds:244.0
Script duration 868.0
Run total estimated duration= 869.000
script duration name:analysis400_120 seconds:624.0
script duration name:cocktail_x3 seconds:244.0
Script duration 868.0
Run total estimated duration= 869.000
script duration name:analysis400_120 seconds:624.0
script duration name:air_x2 seconds:174.0
Script duration 798.0
Run total estimated duration= 799.000
script duration name:analysis400_120 seconds:624.0
script duration name:air_x2 seconds:174.0
Script duration 798.0
Run total estimated duration= 799.000
script duration name:analysis400_120 seconds:624.0
script duration name:air_x2 seconds:174.0
Script duration 798.0
Run total estimated duration= 799.000
script duration name:analysis400_120 seconds:624.0
script duration name:cocktail_x3 seconds:244.0
Script duration 868.0
Run total estimated duration= 869.000
script duration name:analysis400_120 seconds:624.0
script duration name:cocktail_x3 seconds:244.0
Script duration 868.0
Run total estimated duration= 869.000
script duration name:analysis400_120 seconds:624.0
script duration name:cocktail_x3 seconds:244.0
Script duration 868.0
Run total estimated duration= 869.000
script duration name:analysis400_120 seconds:624.0
script duration name:air_x2 seconds:174.0
Script duration 798.0
Run total estimated duration= 799.000
script duration name:analysis400_120 seconds:624.0
script duration name:air_x2 seconds:174.0
Script duration 798.0
Run total estimated duration= 799.000
nruns=14 before=5.0, run_dur=11606.0, btw=780.0
loading script "felix_analysis400_120.py"
loading script "felix_pump_ms.py"
loading script "felix_air_x2.py"
loading script "felix_pump_extraction_line.py"
testing...
no interpolation path defined
executed snippet estimated_duration=624.242112, duration=0.000247001647949
script duration name:analysis400_120 seconds:624.0
loading script "felix_analysis400_120.py"
loading script "felix_pump_ms.py"
loading script "felix_air_x2.py"
loading script "felix_pump_extraction_line.py"
testing...
no interpolation path defined
executed snippet estimated_duration=0, duration=4.00543212891e-05
loading script "felix_analysis400_120.py"
loading script "felix_pump_ms.py"
loading script "felix_air_x2.py"
loading script "felix_pump_extraction_line.py"
testing...
no interpolation path defined
calculate duration
testing...
no interpolation path defined
executed snippet estimated_duration=0, duration=7.20024108887e-05
calculate duration
testing...
no interpolation path defined
executed snippet estimated_duration=0, duration=0.000196933746338
calculate duration
testing...
no interpolation path defined
executed snippet estimated_duration=32.0, duration=0.000153064727783
calculate duration
testing...
no interpolation path defined
executed snippet estimated_duration=34.0, duration=0.000163078308105
calculate duration
testing...
no interpolation path defined
executed snippet estimated_duration=2.0, duration=9.70363616943e-05
calculate duration
testing...
no interpolation path defined
executed snippet estimated_duration=34.0, duration=0.000135183334351
calculate duration
testing...
no interpolation path defined
executed snippet estimated_duration=34.0, duration=0.000163078308105
calculate duration
testing...
no interpolation path defined
executed snippet estimated_duration=34.0, duration=0.00012993812561
executed snippet estimated_duration=174.0, duration=0.0157148838043
script duration name:air_x2 seconds:174.0
loading script "felix_analysis400_120.py"
loading script "felix_pump_ms.py"
loading script "felix_air_x2.py"
loading script "felix_pump_extraction_line.py"
testing...
no interpolation path defined
calculate duration
testing...
no interpolation path defined
executed snippet estimated_duration=4.0, duration=0.00023889541626
executed snippet estimated_duration=4.0, duration=0.00229096412659
Script duration 798.0
Run total estimated duration= 799.000
run duration: 799.0
add to repo msg=modified - -F-1706.extr.json
not at valid file /Users/obama/PychronDev/data/.dvc/repositories/Felix_air170/a-01/monitor/-F-1706.moni.json
commit message=<COLLECTION>
add to repo msg=modified - -F-1706.inte.json
add to repo msg=modified - -F-1706.base.json
commit message=<ISOEVO> default collection fits
add to repo msg=modified - -F-1706.blan.json
commit message=<BLANKS> preceding ba-01-F-657
add to repo msg=modified - -F-1706.icfa.json
commit message=<ICFactor> default
push repository <pychron.git_archive.repo_manager.GitRepoManager object at 0x13a99ca70>
pushing to remote=origin, url=https://github.com
no changes to meta repo
create new session 4664570896
add association Felix_air170
get identifier "a-01-F"
setting analysis irradiation position=<pychron.dvc.dvc_orm.IrradiationPositionTbl object at 0x136236590>
close session 4664570896
================= post measurement finished
14:35:36 -- ******* Post Run Check *******
loading queue conditionals post_run_actions
loading system conditionals post_run_actions
loading conditionals from /Users/obama/PychronDev/setupfiles/spectrometer/default_conditionals.yaml
loading queue conditionals post_run_terminations
loading system conditionals post_run_terminations
loading conditionals from /Users/obama/PychronDev/setupfiles/spectrometer/default_conditionals.yaml
Checking default post run terminations n=1
GetDeflection L2 (CDD) ===>> 0
testing L2_CDD_==3250
evaluate ot="L2(CDD).deflection==3250" t="L2_CDD_==3250", ctx="{'L2_CDD_': 0.0}"
14:35:36 -- ******* Post Run Check Passed *******
14:35:36 -- Automated run a-01-F-1706 truncated duration: 330.910 s
----------------- finish -----------------
----------------- stop -----------------
retroactive repository identifiers disabled
finish run. runs completed=14
write rem/ex queues
/Users/obama/PychronDev/experiments/rem/LoadFurnace.rem.txt
/Users/obama/PychronDev/experiments/rem/LoadFurnace.ex.txt
doing event level: 3
